Log file open, 04/22/19 14:58:13
LogWindows: Failed to load 'aqProf.dll' (GetLastError=126)
LogWindows: File 'aqProf.dll' does not exist
LogWindows: Failed to load 'VtuneApi.dll' (GetLastError=126)
LogWindows: File 'VtuneApi.dll' does not exist
LogWindows: Failed to load 'VtuneApi32e.dll' (GetLastError=126)
LogWindows: File 'VtuneApi32e.dll' does not exist
LogConsoleResponse: Display: Failed to find resolution value strings in scalability ini. Falling back to default.
LogInit: Display: Running engine for game: Prototype_1_00
LogPakFile: Registered encryption key '00000000000000000000000000000000': 0 pak files mounted, 0 remain pending
LogPlatformFile: Not using cached read wrapper
LogTaskGraph: Started task graph with 5 named threads and 11 total threads with 3 sets of task threads.
LogStats: Stats thread started at 0.169511
LogD3D11RHI: Loaded GFSDK_Aftermath_Lib.x64.dll
LogICUInternationalization: ICU TimeZone Detection - Raw Offset: +9:00, Platform Override: ''
LogPluginManager: Mounting plugin Paper2D
LogPluginManager: Mounting plugin AISupport
LogPluginManager: Mounting plugin LightPropagationVolume
LogPluginManager: Mounting plugin ActorLayerUtilities
LogPluginManager: Mounting plugin CLionSourceCodeAccess
LogPluginManager: Mounting plugin CodeLiteSourceCodeAccess
LogPluginManager: Mounting plugin GitSourceControl
LogPluginManager: Mounting plugin KDevelopSourceCodeAccess
LogPluginManager: Mounting plugin NullSourceCodeAccess
LogPluginManager: Mounting plugin PerforceSourceControl
LogPluginManager: Mounting plugin SubversionSourceControl
LogPluginManager: Mounting plugin UObjectPlugin
LogPluginManager: Mounting plugin VisualStudioCodeSourceCodeAccess
LogPluginManager: Mounting plugin VisualStudioSourceCodeAccess
LogPluginManager: Mounting plugin XCodeSourceCodeAccess
LogPluginManager: Mounting plugin AssetManagerEditor
LogPluginManager: Mounting plugin CryptoKeys
LogPluginManager: Mounting plugin DataValidation
LogPluginManager: Mounting plugin FacialAnimation
LogPluginManager: Mounting plugin GameplayTagsEditor
LogPluginManager: Mounting plugin MacGraphicsSwitching
LogPluginManager: Mounting plugin MeshEditor
LogPluginManager: Mounting plugin MobileLauncherProfileWizard
LogPluginManager: Mounting plugin PluginBrowser
LogPluginManager: Mounting plugin SpeedTreeImporter
LogPluginManager: Mounting plugin DatasmithContent
LogPluginManager: Mounting plugin VariantManagerContent
LogPluginManager: Mounting plugin AlembicImporter
LogPluginManager: Mounting plugin AppleImageUtils
LogPluginManager: Mounting plugin AppleVision
LogPluginManager: Mounting plugin BackChannel
LogPluginManager: Mounting plugin CharacterAI
LogPluginManager: Mounting plugin GeometryCache
LogPluginManager: Mounting plugin HTML5Networking
LogPluginManager: Mounting plugin ProxyLODPlugin
LogPluginManager: Mounting plugin MagicLeap
LogPluginManager: Mounting plugin MagicLeapMedia
LogPluginManager: Mounting plugin AndroidMedia
LogPluginManager: Mounting plugin AvfMedia
LogPluginManager: Mounting plugin ImgMedia
LogPluginManager: Mounting plugin LinearTimecode
LogPluginManager: Mounting plugin MediaCompositing
LogPluginManager: Mounting plugin MediaPlayerEditor
LogPluginManager: Mounting plugin WebMMedia
LogPluginManager: Mounting plugin WmfMedia
LogPluginManager: Mounting plugin TcpMessaging
LogPluginManager: Mounting plugin UdpMessaging
LogPluginManager: Mounting plugin ActorSequence
LogPluginManager: Mounting plugin LevelSequenceEditor
LogPluginManager: Mounting plugin MatineeToLevelSequence
LogPluginManager: Mounting plugin NetcodeUnitTest
LogPluginManager: Mounting plugin NUTUnrealEngine4
LogPluginManager: Mounting plugin OnlineSubsystemGooglePlay
LogPluginManager: Mounting plugin OnlineSubsystemIOS
LogPluginManager: Mounting plugin OnlineSubsystem
LogPluginManager: Mounting plugin OnlineSubsystemNull
LogPluginManager: Mounting plugin OnlineSubsystemUtils
LogPluginManager: Mounting plugin LauncherChunkInstaller
LogPluginManager: Mounting plugin AndroidDeviceProfileSelector
LogPluginManager: Mounting plugin AndroidMoviePlayer
LogPluginManager: Mounting plugin AndroidPermission
LogPluginManager: Mounting plugin AppleMoviePlayer
LogPluginManager: Mounting plugin ArchVisCharacter
LogPluginManager: Mounting plugin AudioCapture
LogPluginManager: Mounting plugin CableComponent
LogPluginManager: Mounting plugin CustomMeshComponent
LogPluginManager: Mounting plugin EditableMesh
LogPluginManager: Mounting plugin ExampleDeviceProfileSelector
LogPluginManager: Mounting plugin Firebase
LogPluginManager: Mounting plugin GoogleCloudMessaging
LogPluginManager: Mounting plugin IOSDeviceProfileSelector
LogPluginManager: Mounting plugin LinuxDeviceProfileSelector
LogPluginManager: Mounting plugin LocationServicesBPLibrary
LogPluginManager: Mounting plugin MobilePatchingUtils
LogPluginManager: Mounting plugin OculusVR
LogPluginManager: Mounting plugin PhysXVehicles
LogPluginManager: Mounting plugin ProceduralMeshComponent
LogPluginManager: Mounting plugin RuntimePhysXCooking
LogPluginManager: Mounting plugin SteamVR
LogPluginManager: Mounting plugin WebMMoviePlayer
LogPluginManager: Mounting plugin WindowsMoviePlayer
LogStreaming: Display: Took  0.095s to configure plugins.
LogInit: Using libcurl 7.55.1-DEV
LogInit:  - built for x86_64-pc-win32
LogInit:  - supports SSL with OpenSSL/1.0.2h
LogInit:  - supports HTTP deflate (compression) using libz 1.2.8
LogInit:  - other features:
LogInit:      CURL_VERSION_SSL
LogInit:      CURL_VERSION_LIBZ
LogInit:      CURL_VERSION_IPV6
LogInit:      CURL_VERSION_ASYNCHDNS
LogInit:      CURL_VERSION_LARGEFILE
LogInit:      CURL_VERSION_IDN
LogInit:  CurlRequestOptions (configurable via config and command line):
LogInit:  - bVerifyPeer = true  - Libcurl will verify peer certificate
LogInit:  - bUseHttpProxy = false  - Libcurl will NOT use HTTP proxy
LogInit:  - bDontReuseConnections = false  - Libcurl will reuse connections
LogInit:  - MaxHostConnections = 16  - Libcurl will limit the number of connections to a host
LogInit:  - LocalHostAddr = Default
LogInit:  - BufferSize = 65536
LogInit: WinSock: version 1.1 (2.2), MaxSocks=32767, MaxUdp=65467
LogInit: Build: ++UE4+Release-4.21-CL-4753647
LogInit: Engine Version: 4.21.2-4753647+++UE4+Release-4.21
LogInit: Compatible Engine Version: 4.21.0-4541578+++UE4+Release-4.21
LogInit: Net CL: 4541578
LogInit: OS: Windows 10 (), CPU: Intel(R) Core(TM) i5-7200U CPU @ 2.50GHz, GPU: Intel(R) HD Graphics 620
LogInit: Compiled (64-bit): Jan 19 2019 02:07:31
LogInit: Compiled with Visual C++: 19.13.26129.00
LogInit: Build Configuration: Development
LogInit: Branch Name: ++UE4+Release-4.21
LogInit: Command Line: 
LogInit: Base Directory: C:/Program Files/Epic Games/UE_4.21/Engine/Binaries/Win64/
LogInit: Installed Engine Build: 1
LogDevObjectVersion: Number of dev versions registered: 22
LogDevObjectVersion:   Dev-Blueprints (B0D832E4-1F89-4F0D-ACCF-7EB736FD4AA2): 10
LogDevObjectVersion:   Dev-Build (E1C64328-A22C-4D53-A36C-8E866417BD8C): 0
LogDevObjectVersion:   Dev-Core (375EC13C-06E4-48FB-B500-84F0262A717E): 2
LogDevObjectVersion:   Dev-Editor (E4B068ED-F494-42E9-A231-DA0B2E46BB41): 26
LogDevObjectVersion:   Dev-Framework (CFFC743F-43B0-4480-9391-14DF171D2073): 34
LogDevObjectVersion:   Dev-Mobile (B02B49B5-BB20-44E9-A304-32B752E40360): 2
LogDevObjectVersion:   Dev-Networking (A4E4105C-59A1-49B5-A7C5-40C4547EDFEE): 0
LogDevObjectVersion:   Dev-Online (39C831C9-5AE6-47DC-9A44-9C173E1C8E7C): 0
LogDevObjectVersion:   Dev-Physics (78F01B33-EBEA-4F98-B9B4-84EACCB95AA2): 0
LogDevObjectVersion:   Dev-Platform (6631380F-2D4D-43E0-8009-CF276956A95A): 0
LogDevObjectVersion:   Dev-Rendering (12F88B9F-8875-4AFC-A67C-D90C383ABD29): 27
LogDevObjectVersion:   Dev-Sequencer (7B5AE74C-D270-4C10-A958-57980B212A5A): 9
LogDevObjectVersion:   Dev-VR (D7296918-1DD6-4BDD-9DE2-64A83CC13884): 2
LogDevObjectVersion:   Dev-LoadTimes (C2A15278-BFE7-4AFE-6C17-90FF531DF755): 1
LogDevObjectVersion:   Private-Geometry (6EACA3D4-40EC-4CC1-B786-8BED09428FC5): 3
LogDevObjectVersion:   Dev-AnimPhys (29E575DD-E0A3-4627-9D10-D276232CDCEA): 17
LogDevObjectVersion:   Dev-Anim (AF43A65D-7FD3-4947-9873-3E8ED9C1BB05): 2
LogDevObjectVersion:   Dev-ReflectionCapture (6B266CEC-1EC7-4B8F-A30B-E4D90942FC07): 1
LogDevObjectVersion:   Dev-Automation (0DF73D61-A23F-47EA-B727-89E90C41499A): 1
LogDevObjectVersion:   FortniteMain (601D1886-AC64-4F84-AA16-D3DE0DEAC7D6): 17
LogDevObjectVersion:   Dev-Enterprise (9DFFBCD6-494F-0158-E221-12823C92A888): 4
LogDevObjectVersion:   Dev-Niagara (F2AED0AC-9AFE-416F-8664-AA7FFA26D6FC): 1
LogStreaming: Display: Took  0.003s to delete old logs.
LogInit: Presizing for max 8388607 objects, including 0 objects not considered by GC, pre-allocating 0 bytes for permanent pool.
LogInit: Object subsystem initialized
LogConfig: Setting CVar [[con.DebugEarlyDefault:1]]
LogConfig: Setting CVar [[r.setres:1280x720]]
[2019.04.22-05.58.13:679][  0]LogConfig: Setting CVar [[r.VSync:0]]
[2019.04.22-05.58.13:679][  0]LogConfig: Setting CVar [[r.RHICmdBypass:0]]
[2019.04.22-05.58.13:679][  0]LogConfig: Applying CVar settings from Section [/Script/Engine.RendererSettings] File [C:/Users/shinoda/Desktop/GameROOK/Saved/Config/Windows/Engine.ini]
[2019.04.22-05.58.13:679][  0]LogConfig: Setting CVar [[r.GPUCrashDebugging:0]]
[2019.04.22-05.58.13:679][  0]LogConfig: Setting CVar [[r.ForwardShading:1]]
[2019.04.22-05.58.13:679][  0]LogConfig: Applying CVar settings from Section [/Script/Engine.RendererOverrideSettings] File [C:/Users/shinoda/Desktop/GameROOK/Saved/Config/Windows/Engine.ini]
[2019.04.22-05.58.13:679][  0]LogConfig: Applying CVar settings from Section [/Script/Engine.StreamingSettings] File [C:/Users/shinoda/Desktop/GameROOK/Saved/Config/Windows/Engine.ini]
[2019.04.22-05.58.13:679][  0]LogConfig: Setting CVar [[s.MinBulkDataSizeForAsyncLoading:131072]]
[2019.04.22-05.58.13:679][  0]LogConfig: Setting CVar [[s.AsyncLoadingThreadEnabled:0]]
[2019.04.22-05.58.13:679][  0]LogConfig: Setting CVar [[s.EventDrivenLoaderEnabled:1]]
[2019.04.22-05.58.13:679][  0]LogConfig: Setting CVar [[s.WarnIfTimeLimitExceeded:0]]
[2019.04.22-05.58.13:679][  0]LogConfig: Setting CVar [[s.TimeLimitExceededMultiplier:1.5]]
[2019.04.22-05.58.13:679][  0]LogConfig: Setting CVar [[s.TimeLimitExceededMinTime:0.005]]
[2019.04.22-05.58.13:679][  0]LogConfig: Setting CVar [[s.UseBackgroundLevelStreaming:1]]
[2019.04.22-05.58.13:679][  0]LogConfig: Setting CVar [[s.PriorityAsyncLoadingExtraTime:15.0]]
[2019.04.22-05.58.13:679][  0]LogConfig: Setting CVar [[s.LevelStreamingActorsUpdateTimeLimit:5.0]]
[2019.04.22-05.58.13:679][  0]LogConfig: Setting CVar [[s.PriorityLevelStreamingActorsUpdateExtraTime:5.0]]
[2019.04.22-05.58.13:679][  0]LogConfig: Setting CVar [[s.LevelStreamingComponentsRegistrationGranularity:10]]
[2019.04.22-05.58.13:679][  0]LogConfig: Setting CVar [[s.UnregisterComponentsTimeLimit:1.0]]
[2019.04.22-05.58.13:679][  0]LogConfig: Setting CVar [[s.LevelStreamingComponentsUnregistrationGranularity:5]]
[2019.04.22-05.58.13:679][  0]LogConfig: Applying CVar settings from Section [/Script/Engine.GarbageCollectionSettings] File [C:/Users/shinoda/Desktop/GameROOK/Saved/Config/Windows/Engine.ini]
[2019.04.22-05.58.13:679][  0]LogConfig: Setting CVar [[gc.MaxObjectsNotConsideredByGC:1]]
[2019.04.22-05.58.13:679][  0]LogConfig: Setting CVar [[gc.SizeOfPermanentObjectPool:0]]
[2019.04.22-05.58.13:679][  0]LogConfig: Setting CVar [[gc.FlushStreamingOnGC:0]]
[2019.04.22-05.58.13:679][  0]LogConfig: Setting CVar [[gc.NumRetriesBeforeForcingGC:10]]
[2019.04.22-05.58.13:679][  0]LogConfig: Setting CVar [[gc.AllowParallelGC:1]]
[2019.04.22-05.58.13:679][  0]LogConfig: Setting CVar [[gc.TimeBetweenPurgingPendingKillObjects:61.1]]
[2019.04.22-05.58.13:679][  0]LogConfig: Setting CVar [[gc.MaxObjectsInEditor:8388607]]
[2019.04.22-05.58.13:679][  0]LogConfig: Setting CVar [[gc.IncrementalBeginDestroyEnabled:1]]
[2019.04.22-05.58.13:679][  0]LogConfig: Setting CVar [[gc.CreateGCClusters:1]]
[2019.04.22-05.58.13:679][  0]LogConfig: Setting CVar [[gc.MergeGCClusters:0]]
[2019.04.22-05.58.13:679][  0]LogConfig: Setting CVar [[gc.MinGCClusterSize:5]]
[2019.04.22-05.58.13:679][  0]LogConfig: Setting CVar [[gc.ActorClusteringEnabled:0]]
[2019.04.22-05.58.13:679][  0]LogConfig: Setting CVar [[gc.BlueprintClusteringEnabled:0]]
[2019.04.22-05.58.13:679][  0]LogConfig: Setting CVar [[gc.UseDisregardForGCOnDedicatedServers:0]]
[2019.04.22-05.58.13:679][  0]LogConfig: Applying CVar settings from Section [/Script/Engine.NetworkSettings] File [C:/Users/shinoda/Desktop/GameROOK/Saved/Config/Windows/Engine.ini]
[2019.04.22-05.58.13:679][  0]LogConfig: Applying CVar settings from Section [/Script/UnrealEd.CookerSettings] File [C:/Users/shinoda/Desktop/GameROOK/Saved/Config/Windows/Engine.ini]
[2019.04.22-05.58.13:682][  0]LogConfig: Applying CVar settings from Section [ViewDistanceQuality@3] File [C:/Users/shinoda/Desktop/GameROOK/Saved/Config/Windows/Scalability.ini]
[2019.04.22-05.58.13:682][  0]LogConfig: Setting CVar [[r.SkeletalMeshLODBias:0]]
[2019.04.22-05.58.13:682][  0]LogConfig: Setting CVar [[r.ViewDistanceScale:1.0]]
[2019.04.22-05.58.13:682][  0]LogConfig: Applying CVar settings from Section [AntiAliasingQuality@3] File [C:/Users/shinoda/Desktop/GameROOK/Saved/Config/Windows/Scalability.ini]
[2019.04.22-05.58.13:682][  0]LogConfig: Setting CVar [[r.PostProcessAAQuality:4]]
[2019.04.22-05.58.13:682][  0]LogConfig: Applying CVar settings from Section [ShadowQuality@3] File [C:/Users/shinoda/Desktop/GameROOK/Saved/Config/Windows/Scalability.ini]
[2019.04.22-05.58.13:682][  0]LogConfig: Setting CVar [[r.LightFunctionQuality:1]]
[2019.04.22-05.58.13:682][  0]LogConfig: Setting CVar [[r.ShadowQuality:5]]
[2019.04.22-05.58.13:682][  0]LogConfig: Setting CVar [[r.Shadow.CSM.MaxCascades:10]]
[2019.04.22-05.58.13:682][  0]LogConfig: Setting CVar [[r.Shadow.MaxResolution:2048]]
[2019.04.22-05.58.13:682][  0]LogConfig: Setting CVar [[r.Shadow.MaxCSMResolution:2048]]
[2019.04.22-05.58.13:682][  0]LogConfig: Setting CVar [[r.Shadow.RadiusThreshold:0.01]]
[2019.04.22-05.58.13:682][  0]LogConfig: Setting CVar [[r.Shadow.DistanceScale:1.0]]
[2019.04.22-05.58.13:682][  0]LogConfig: Setting CVar [[r.Shadow.CSM.TransitionScale:1.0]]
[2019.04.22-05.58.13:682][  0]LogConfig: Setting CVar [[r.Shadow.PreShadowResolutionFactor:1.0]]
[2019.04.22-05.58.13:682][  0]LogConfig: Setting CVar [[r.DistanceFieldShadowing:1]]
[2019.04.22-05.58.13:682][  0]LogConfig: Setting CVar [[r.DistanceFieldAO:1]]
[2019.04.22-05.58.13:682][  0]LogConfig: Setting CVar [[r.AOQuality:2]]
[2019.04.22-05.58.13:682][  0]LogConfig: Setting CVar [[r.VolumetricFog:1]]
[2019.04.22-05.58.13:682][  0]LogConfig: Setting CVar [[r.VolumetricFog.GridPixelSize:8]]
[2019.04.22-05.58.13:682][  0]LogConfig: Setting CVar [[r.VolumetricFog.GridSizeZ:128]]
[2019.04.22-05.58.13:682][  0]LogConfig: Setting CVar [[r.VolumetricFog.HistoryMissSupersampleCount:4]]
[2019.04.22-05.58.13:682][  0]LogConfig: Setting CVar [[r.LightMaxDrawDistanceScale:1]]
[2019.04.22-05.58.13:682][  0]LogConfig: Setting CVar [[r.CapsuleShadows:1]]
[2019.04.22-05.58.13:682][  0]LogConfig: Applying CVar settings from Section [PostProcessQuality@3] File [C:/Users/shinoda/Desktop/GameROOK/Saved/Config/Windows/Scalability.ini]
[2019.04.22-05.58.13:682][  0]LogConfig: Setting CVar [[r.MotionBlurQuality:4]]
[2019.04.22-05.58.13:682][  0]LogConfig: Setting CVar [[r.AmbientOcclusionMipLevelFactor:0.4]]
[2019.04.22-05.58.13:682][  0]LogConfig: Setting CVar [[r.AmbientOcclusionMaxQuality:100]]
[2019.04.22-05.58.13:682][  0]LogConfig: Setting CVar [[r.AmbientOcclusionLevels:-1]]
[2019.04.22-05.58.13:682][  0]LogConfig: Setting CVar [[r.AmbientOcclusionRadiusScale:1.0]]
[2019.04.22-05.58.13:682][  0]LogConfig: Setting CVar [[r.DepthOfFieldQuality:2]]
[2019.04.22-05.58.13:682][  0]LogConfig: Setting CVar [[r.RenderTargetPoolMin:400]]
[2019.04.22-05.58.13:682][  0]LogConfig: Setting CVar [[r.LensFlareQuality:2]]
[2019.04.22-05.58.13:682][  0]LogConfig: Setting CVar [[r.SceneColorFringeQuality:1]]
[2019.04.22-05.58.13:682][  0]LogConfig: Setting CVar [[r.EyeAdaptationQuality:2]]
[2019.04.22-05.58.13:682][  0]LogConfig: Setting CVar [[r.BloomQuality:5]]
[2019.04.22-05.58.13:682][  0]LogConfig: Setting CVar [[r.FastBlurThreshold:100]]
[2019.04.22-05.58.13:682][  0]LogConfig: Setting CVar [[r.Upscale.Quality:3]]
[2019.04.22-05.58.13:682][  0]LogConfig: Setting CVar [[r.Tonemapper.GrainQuantization:1]]
[2019.04.22-05.58.13:682][  0]LogConfig: Setting CVar [[r.LightShaftQuality:1]]
[2019.04.22-05.58.13:682][  0]LogConfig: Setting CVar [[r.Filter.SizeScale:1]]
[2019.04.22-05.58.13:682][  0]LogConfig: Setting CVar [[r.Tonemapper.Quality:5]]
[2019.04.22-05.58.13:682][  0]LogConfig: Setting CVar [[r.DOF.Gather.AccumulatorQuality:1        ; higher gathering accumulator quality]]
[2019.04.22-05.58.13:682][  0]LogConfig: Setting CVar [[r.DOF.Gather.PostfilterMethod:1          ; Median3x3 postfilering method]]
[2019.04.22-05.58.13:682][  0]LogConfig: Setting CVar [[r.DOF.Gather.EnableBokehSettings:0       ; no bokeh simulation when gathering]]
[2019.04.22-05.58.13:682][  0]LogConfig: Setting CVar [[r.DOF.Gather.RingCount:4                 ; medium number of samples when gathering]]
[2019.04.22-05.58.13:682][  0]LogConfig: Setting CVar [[r.DOF.Scatter.ForegroundCompositing:1    ; additive foreground scattering]]
[2019.04.22-05.58.13:682][  0]LogConfig: Setting CVar [[r.DOF.Scatter.BackgroundCompositing:2    ; additive background scattering]]
[2019.04.22-05.58.13:682][  0]LogConfig: Setting CVar [[r.DOF.Scatter.EnableBokehSettings:1      ; bokeh simulation when scattering]]
[2019.04.22-05.58.13:682][  0]LogConfig: Setting CVar [[r.DOF.Scatter.MaxSpriteRatio:0.1         ; only a maximum of 10% of scattered bokeh]]
[2019.04.22-05.58.13:682][  0]LogConfig: Setting CVar [[r.DOF.Recombine.Quality:1                ; cheap slight out of focus]]
[2019.04.22-05.58.13:682][  0]LogConfig: Setting CVar [[r.DOF.Recombine.EnableBokehSettings:0    ; no bokeh simulation on slight out of focus]]
[2019.04.22-05.58.13:682][  0]LogConfig: Setting CVar [[r.DOF.TemporalAAQuality:1                ; more stable temporal accumulation]]
[2019.04.22-05.58.13:682][  0]LogConfig: Setting CVar [[r.DOF.Kernel.MaxForegroundRadius:0.025]]
[2019.04.22-05.58.13:682][  0]LogConfig: Setting CVar [[r.DOF.Kernel.MaxBackgroundRadius:0.025]]
[2019.04.22-05.58.13:682][  0]LogConfig: Applying CVar settings from Section [TextureQuality@3] File [C:/Users/shinoda/Desktop/GameROOK/Saved/Config/Windows/Scalability.ini]
[2019.04.22-05.58.13:682][  0]LogConfig: Setting CVar [[r.Streaming.MipBias:0]]
[2019.04.22-05.58.13:682][  0]LogConfig: Setting CVar [[r.Streaming.AmortizeCPUToGPUCopy:0]]
[2019.04.22-05.58.13:682][  0]LogConfig: Setting CVar [[r.Streaming.MaxNumTexturesToStreamPerFrame:0]]
[2019.04.22-05.58.13:683][  0]LogConfig: Setting CVar [[r.Streaming.Boost:1]]
[2019.04.22-05.58.13:683][  0]LogConfig: Setting CVar [[r.MaxAnisotropy:8]]
[2019.04.22-05.58.13:683][  0]LogConfig: Setting CVar [[r.Streaming.LimitPoolSizeToVRAM:0]]
[2019.04.22-05.58.13:683][  0]LogConfig: Setting CVar [[r.Streaming.PoolSize:1000]]
[2019.04.22-05.58.13:683][  0]LogConfig: Setting CVar [[r.Streaming.MaxEffectiveScreenSize:0]]
[2019.04.22-05.58.13:683][  0]LogConfig: Applying CVar settings from Section [EffectsQuality@3] File [C:/Users/shinoda/Desktop/GameROOK/Saved/Config/Windows/Scalability.ini]
[2019.04.22-05.58.13:683][  0]LogConfig: Setting CVar [[r.TranslucencyLightingVolumeDim:64]]
[2019.04.22-05.58.13:683][  0]LogConfig: Setting CVar [[r.RefractionQuality:2]]
[2019.04.22-05.58.13:683][  0]LogConfig: Setting CVar [[r.SSR.Quality:3]]
[2019.04.22-05.58.13:683][  0]LogConfig: Setting CVar [[r.SceneColorFormat:4]]
[2019.04.22-05.58.13:683][  0]LogConfig: Setting CVar [[r.DetailMode:2]]
[2019.04.22-05.58.13:683][  0]LogConfig: Setting CVar [[r.TranslucencyVolumeBlur:1]]
[2019.04.22-05.58.13:683][  0]LogConfig: Setting CVar [[r.MaterialQualityLevel:1 ; High quality]]
[2019.04.22-05.58.13:683][  0]LogConfig: Setting CVar [[r.SSS.Scale:1]]
[2019.04.22-05.58.13:683][  0]LogConfig: Setting CVar [[r.SSS.SampleSet:2]]
[2019.04.22-05.58.13:683][  0]LogConfig: Setting CVar [[r.SSS.Quality:1]]
[2019.04.22-05.58.13:683][  0]LogConfig: Setting CVar [[r.SSS.HalfRes:1]]
[2019.04.22-05.58.13:683][  0]LogConfig: Setting CVar [[r.EmitterSpawnRateScale:1.0]]
[2019.04.22-05.58.13:683][  0]LogConfig: Setting CVar [[r.ParticleLightQuality:2]]
[2019.04.22-05.58.13:683][  0]LogConfig: Applying CVar settings from Section [FoliageQuality@3] File [C:/Users/shinoda/Desktop/GameROOK/Saved/Config/Windows/Scalability.ini]
[2019.04.22-05.58.13:683][  0]LogConfig: Setting CVar [[foliage.DensityScale:1.0]]
[2019.04.22-05.58.13:683][  0]LogConfig: Setting CVar [[grass.DensityScale:1.0]]
[2019.04.22-05.58.13:683][  0]LogInit: Selected Device Profile: [Windows]
[2019.04.22-05.58.13:683][  0]LogInit: Applying CVar settings loaded from the selected device profile: [Windows]
[2019.04.22-05.58.13:696][  0]LogHAL: Display: Platform has ~ 8 GB [8494374912 / 8589934592 / 8], which maps to Default [LargestMinGB=32, LargerMinGB=12, DefaultMinGB=8, SmallerMinGB=6, SmallestMinGB=0)
[2019.04.22-05.58.13:696][  0]LogConfig: Setting CVar [[r.Vulkan.UseRealUBs:1]]
[2019.04.22-05.58.13:696][  0]LogInit: Going up to parent DeviceProfile []
[2019.04.22-05.58.13:696][  0]LogConfig: Applying CVar settings from Section [ViewDistanceQuality@3] File [C:/Users/shinoda/Desktop/GameROOK/Saved/Config/Windows/Scalability.ini]
[2019.04.22-05.58.13:696][  0]LogConfig: Setting CVar [[r.SkeletalMeshLODBias:0]]
[2019.04.22-05.58.13:696][  0]LogConfig: Setting CVar [[r.ViewDistanceScale:1.0]]
[2019.04.22-05.58.13:696][  0]LogConfig: Applying CVar settings from Section [AntiAliasingQuality@3] File [C:/Users/shinoda/Desktop/GameROOK/Saved/Config/Windows/Scalability.ini]
[2019.04.22-05.58.13:696][  0]LogConfig: Setting CVar [[r.PostProcessAAQuality:4]]
[2019.04.22-05.58.13:696][  0]LogConfig: Applying CVar settings from Section [ShadowQuality@3] File [C:/Users/shinoda/Desktop/GameROOK/Saved/Config/Windows/Scalability.ini]
[2019.04.22-05.58.13:696][  0]LogConfig: Setting CVar [[r.LightFunctionQuality:1]]
[2019.04.22-05.58.13:696][  0]LogConfig: Setting CVar [[r.ShadowQuality:5]]
[2019.04.22-05.58.13:696][  0]LogConfig: Setting CVar [[r.Shadow.CSM.MaxCascades:10]]
[2019.04.22-05.58.13:696][  0]LogConfig: Setting CVar [[r.Shadow.MaxResolution:2048]]
[2019.04.22-05.58.13:696][  0]LogConfig: Setting CVar [[r.Shadow.MaxCSMResolution:2048]]
[2019.04.22-05.58.13:696][  0]LogConfig: Setting CVar [[r.Shadow.RadiusThreshold:0.01]]
[2019.04.22-05.58.13:696][  0]LogConfig: Setting CVar [[r.Shadow.DistanceScale:1.0]]
[2019.04.22-05.58.13:696][  0]LogConfig: Setting CVar [[r.Shadow.CSM.TransitionScale:1.0]]
[2019.04.22-05.58.13:696][  0]LogConfig: Setting CVar [[r.Shadow.PreShadowResolutionFactor:1.0]]
[2019.04.22-05.58.13:696][  0]LogConfig: Setting CVar [[r.DistanceFieldShadowing:1]]
[2019.04.22-05.58.13:696][  0]LogConfig: Setting CVar [[r.DistanceFieldAO:1]]
[2019.04.22-05.58.13:696][  0]LogConfig: Setting CVar [[r.AOQuality:2]]
[2019.04.22-05.58.13:696][  0]LogConfig: Setting CVar [[r.VolumetricFog:1]]
[2019.04.22-05.58.13:696][  0]LogConfig: Setting CVar [[r.VolumetricFog.GridPixelSize:8]]
[2019.04.22-05.58.13:696][  0]LogConfig: Setting CVar [[r.VolumetricFog.GridSizeZ:128]]
[2019.04.22-05.58.13:696][  0]LogConfig: Setting CVar [[r.VolumetricFog.HistoryMissSupersampleCount:4]]
[2019.04.22-05.58.13:696][  0]LogConfig: Setting CVar [[r.LightMaxDrawDistanceScale:1]]
[2019.04.22-05.58.13:696][  0]LogConfig: Setting CVar [[r.CapsuleShadows:1]]
[2019.04.22-05.58.13:696][  0]LogConfig: Applying CVar settings from Section [PostProcessQuality@3] File [C:/Users/shinoda/Desktop/GameROOK/Saved/Config/Windows/Scalability.ini]
[2019.04.22-05.58.13:696][  0]LogConfig: Setting CVar [[r.MotionBlurQuality:4]]
[2019.04.22-05.58.13:696][  0]LogConfig: Setting CVar [[r.AmbientOcclusionMipLevelFactor:0.4]]
[2019.04.22-05.58.13:696][  0]LogConfig: Setting CVar [[r.AmbientOcclusionMaxQuality:100]]
[2019.04.22-05.58.13:696][  0]LogConfig: Setting CVar [[r.AmbientOcclusionLevels:-1]]
[2019.04.22-05.58.13:696][  0]LogConfig: Setting CVar [[r.AmbientOcclusionRadiusScale:1.0]]
[2019.04.22-05.58.13:696][  0]LogConfig: Setting CVar [[r.DepthOfFieldQuality:2]]
[2019.04.22-05.58.13:696][  0]LogConfig: Setting CVar [[r.RenderTargetPoolMin:400]]
[2019.04.22-05.58.13:696][  0]LogConfig: Setting CVar [[r.LensFlareQuality:2]]
[2019.04.22-05.58.13:696][  0]LogConfig: Setting CVar [[r.SceneColorFringeQuality:1]]
[2019.04.22-05.58.13:696][  0]LogConfig: Setting CVar [[r.EyeAdaptationQuality:2]]
[2019.04.22-05.58.13:696][  0]LogConfig: Setting CVar [[r.BloomQuality:5]]
[2019.04.22-05.58.13:696][  0]LogConfig: Setting CVar [[r.FastBlurThreshold:100]]
[2019.04.22-05.58.13:696][  0]LogConfig: Setting CVar [[r.Upscale.Quality:3]]
[2019.04.22-05.58.13:696][  0]LogConfig: Setting CVar [[r.Tonemapper.GrainQuantization:1]]
[2019.04.22-05.58.13:696][  0]LogConfig: Setting CVar [[r.LightShaftQuality:1]]
[2019.04.22-05.58.13:697][  0]LogConfig: Setting CVar [[r.Filter.SizeScale:1]]
[2019.04.22-05.58.13:697][  0]LogConfig: Setting CVar [[r.Tonemapper.Quality:5]]
[2019.04.22-05.58.13:697][  0]LogConfig: Setting CVar [[r.DOF.Gather.AccumulatorQuality:1        ; higher gathering accumulator quality]]
[2019.04.22-05.58.13:697][  0]LogConfig: Setting CVar [[r.DOF.Gather.PostfilterMethod:1          ; Median3x3 postfilering method]]
[2019.04.22-05.58.13:697][  0]LogConfig: Setting CVar [[r.DOF.Gather.EnableBokehSettings:0       ; no bokeh simulation when gathering]]
[2019.04.22-05.58.13:697][  0]LogConfig: Setting CVar [[r.DOF.Gather.RingCount:4                 ; medium number of samples when gathering]]
[2019.04.22-05.58.13:697][  0]LogConfig: Setting CVar [[r.DOF.Scatter.ForegroundCompositing:1    ; additive foreground scattering]]
[2019.04.22-05.58.13:697][  0]LogConfig: Setting CVar [[r.DOF.Scatter.BackgroundCompositing:2    ; additive background scattering]]
[2019.04.22-05.58.13:697][  0]LogConfig: Setting CVar [[r.DOF.Scatter.EnableBokehSettings:1      ; bokeh simulation when scattering]]
[2019.04.22-05.58.13:697][  0]LogConfig: Setting CVar [[r.DOF.Scatter.MaxSpriteRatio:0.1         ; only a maximum of 10% of scattered bokeh]]
[2019.04.22-05.58.13:697][  0]LogConfig: Setting CVar [[r.DOF.Recombine.Quality:1                ; cheap slight out of focus]]
[2019.04.22-05.58.13:697][  0]LogConfig: Setting CVar [[r.DOF.Recombine.EnableBokehSettings:0    ; no bokeh simulation on slight out of focus]]
[2019.04.22-05.58.13:697][  0]LogConfig: Setting CVar [[r.DOF.TemporalAAQuality:1                ; more stable temporal accumulation]]
[2019.04.22-05.58.13:697][  0]LogConfig: Setting CVar [[r.DOF.Kernel.MaxForegroundRadius:0.025]]
[2019.04.22-05.58.13:697][  0]LogConfig: Setting CVar [[r.DOF.Kernel.MaxBackgroundRadius:0.025]]
[2019.04.22-05.58.13:697][  0]LogConfig: Applying CVar settings from Section [TextureQuality@3] File [C:/Users/shinoda/Desktop/GameROOK/Saved/Config/Windows/Scalability.ini]
[2019.04.22-05.58.13:697][  0]LogConfig: Setting CVar [[r.Streaming.MipBias:0]]
[2019.04.22-05.58.13:697][  0]LogConfig: Setting CVar [[r.Streaming.AmortizeCPUToGPUCopy:0]]
[2019.04.22-05.58.13:697][  0]LogConfig: Setting CVar [[r.Streaming.MaxNumTexturesToStreamPerFrame:0]]
[2019.04.22-05.58.13:697][  0]LogConfig: Setting CVar [[r.Streaming.Boost:1]]
[2019.04.22-05.58.13:697][  0]LogConfig: Setting CVar [[r.MaxAnisotropy:8]]
[2019.04.22-05.58.13:697][  0]LogConfig: Setting CVar [[r.Streaming.LimitPoolSizeToVRAM:0]]
[2019.04.22-05.58.13:697][  0]LogConfig: Setting CVar [[r.Streaming.PoolSize:1000]]
[2019.04.22-05.58.13:697][  0]LogConfig: Setting CVar [[r.Streaming.MaxEffectiveScreenSize:0]]
[2019.04.22-05.58.13:697][  0]LogConfig: Applying CVar settings from Section [EffectsQuality@3] File [C:/Users/shinoda/Desktop/GameROOK/Saved/Config/Windows/Scalability.ini]
[2019.04.22-05.58.13:697][  0]LogConfig: Setting CVar [[r.TranslucencyLightingVolumeDim:64]]
[2019.04.22-05.58.13:697][  0]LogConfig: Setting CVar [[r.RefractionQuality:2]]
[2019.04.22-05.58.13:697][  0]LogConfig: Setting CVar [[r.SSR.Quality:3]]
[2019.04.22-05.58.13:697][  0]LogConfig: Setting CVar [[r.SceneColorFormat:4]]
[2019.04.22-05.58.13:697][  0]LogConfig: Setting CVar [[r.DetailMode:2]]
[2019.04.22-05.58.13:697][  0]LogConfig: Setting CVar [[r.TranslucencyVolumeBlur:1]]
[2019.04.22-05.58.13:697][  0]LogConfig: Setting CVar [[r.MaterialQualityLevel:1 ; High quality]]
[2019.04.22-05.58.13:697][  0]LogConfig: Setting CVar [[r.SSS.Scale:1]]
[2019.04.22-05.58.13:697][  0]LogConfig: Setting CVar [[r.SSS.SampleSet:2]]
[2019.04.22-05.58.13:697][  0]LogConfig: Setting CVar [[r.SSS.Quality:1]]
[2019.04.22-05.58.13:697][  0]LogConfig: Setting CVar [[r.SSS.HalfRes:1]]
[2019.04.22-05.58.13:697][  0]LogConfig: Setting CVar [[r.EmitterSpawnRateScale:1.0]]
[2019.04.22-05.58.13:697][  0]LogConfig: Setting CVar [[r.ParticleLightQuality:2]]
[2019.04.22-05.58.13:697][  0]LogConfig: Applying CVar settings from Section [FoliageQuality@3] File [C:/Users/shinoda/Desktop/GameROOK/Saved/Config/Windows/Scalability.ini]
[2019.04.22-05.58.13:697][  0]LogConfig: Setting CVar [[foliage.DensityScale:1.0]]
[2019.04.22-05.58.13:697][  0]LogConfig: Setting CVar [[grass.DensityScale:1.0]]
[2019.04.22-05.58.13:697][  0]LogConfig: Applying CVar settings from Section [Startup] File [../../../Engine/Config/ConsoleVariables.ini]
[2019.04.22-05.58.13:697][  0]LogConfig: Setting CVar [[net.UseAdaptiveNetUpdateFrequency:0]]
[2019.04.22-05.58.13:697][  0]LogConfig: Applying CVar settings from Section [ConsoleVariables] File [C:/Users/shinoda/Desktop/GameROOK/Saved/Config/Windows/Engine.ini]
[2019.04.22-05.58.13:698][  0]LogInit: Computer: DESKTOP-9BEMNDN
[2019.04.22-05.58.13:698][  0]LogInit: User: shinoda
[2019.04.22-05.58.13:698][  0]LogInit: CPU Page size=4096, Cores=2
[2019.04.22-05.58.13:698][  0]LogInit: High frequency timer resolution =2.648437 MHz
[2019.04.22-05.58.13:698][  0]LogMemory: Memory total: Physical=7.9GB (8GB approx)
[2019.04.22-05.58.13:698][  0]LogMemory: Platform Memory Stats for Windows
[2019.04.22-05.58.13:698][  0]LogMemory: Process Physical Memory: 102.44 MB used, 102.44 MB peak
[2019.04.22-05.58.13:698][  0]LogMemory: Process Virtual Memory: 84.52 MB used, 84.52 MB peak
[2019.04.22-05.58.13:698][  0]LogMemory: Physical Memory: 2889.56 MB used,  5211.31 MB free, 8100.87 MB total
[2019.04.22-05.58.13:698][  0]LogMemory: Virtual Memory: 4629.01 MB used,  134213096.00 MB free, 134217728.00 MB total
[2019.04.22-05.58.13:715][  0]LogInit: Using OS detected language (ja-JP).
[2019.04.22-05.58.13:715][  0]LogInit: Using OS detected locale (ja-JP).
[2019.04.22-05.58.13:716][  0]LogTextLocalizationManager: No specific localization for 'ja-JP' exists, so the 'ja' localization will be used.
[2019.04.22-05.58.14:115][  0]LogStreaming: Display: Took  0.400s to InitEngineTextLocalization.
[2019.04.22-05.58.14:115][  0]LogInit: Setting process to per monitor DPI aware
[2019.04.22-05.58.14:146][  0]LogSlate: New Slate User Created.  User Index 0, Is Virtual User: 0
[2019.04.22-05.58.14:147][  0]LogSlate: Slate User Registered.  User Index 0, Is Virtual User: 0
[2019.04.22-05.58.14:391][  0]LogHMD: Failed to initialize OpenVR with code 110
[2019.04.22-05.58.14:391][  0]LogD3D11RHI: D3D11 adapters:
[2019.04.22-05.58.14:413][  0]LogD3D11RHI:    0. 'Intel(R) HD Graphics 620' (Feature Level 11_0)
[2019.04.22-05.58.14:413][  0]LogD3D11RHI:       128/0/4050 MB DedicatedVideo/DedicatedSystem/SharedSystem, Outputs:1, VendorId:0x8086
[2019.04.22-05.58.14:416][  0]LogD3D11RHI:    1. 'Microsoft Basic Render Driver' (Feature Level 11_0)
[2019.04.22-05.58.14:416][  0]LogD3D11RHI:       0/0/4050 MB DedicatedVideo/DedicatedSystem/SharedSystem, Outputs:0, VendorId:0x1414
[2019.04.22-05.58.14:416][  0]LogD3D11RHI: Chosen D3D11 Adapter: 0
[2019.04.22-05.58.14:422][  0]LogD3D11RHI: Creating new Direct3DDevice
[2019.04.22-05.58.14:422][  0]LogD3D11RHI:     GPU DeviceId: 0x5916 (for the marketing name, search the web for "GPU Device Id")
[2019.04.22-05.58.14:422][  0]LogWindows: EnumDisplayDevices:
[2019.04.22-05.58.14:422][  0]LogWindows:    0. 'Intel(R) HD Graphics 620' (P:1 D:1)
[2019.04.22-05.58.14:422][  0]LogWindows:    1. 'Intel(R) HD Graphics 620' (P:0 D:0)
[2019.04.22-05.58.14:423][  0]LogWindows:    2. 'Intel(R) HD Graphics 620' (P:0 D:0)
[2019.04.22-05.58.14:423][  0]LogWindows: DebugString: FoundDriverCount:3 
[2019.04.22-05.58.14:423][  0]LogD3D11RHI:     Adapter Name: Intel(R) HD Graphics 620
[2019.04.22-05.58.14:423][  0]LogD3D11RHI:   Driver Version: 21.20.16.4550 (internal:21.20.16.4550, unified:21.20.16.4550)
[2019.04.22-05.58.14:423][  0]LogD3D11RHI:      Driver Date: 11-11-2016
[2019.04.22-05.58.14:423][  0]LogRHI: Texture pool is 1507 MB (70% of 2153 MB)
[2019.04.22-05.58.14:460][  0]LogD3D11RHI: [IntelMetricsDiscovery] Started
[2019.04.22-05.58.14:460][  0]LogD3D11RHI: Async texture creation enabled
[2019.04.22-05.58.14:468][  0]LogD3D11RHI: GPU Timing Frequency: 12.000000 (Debug: 2 0)
[2019.04.22-05.58.14:916][  0]LogTemp: Display: Loaded TP AllDesktopTargetPlatform
[2019.04.22-05.58.14:930][  0]LogTemp: Display: Loaded TP MacClientTargetPlatform
[2019.04.22-05.58.14:944][  0]LogTemp: Display: Loaded TP MacNoEditorTargetPlatform
[2019.04.22-05.58.14:958][  0]LogTemp: Display: Loaded TP MacServerTargetPlatform
[2019.04.22-05.58.14:973][  0]LogTemp: Display: Loaded TP MacTargetPlatform
[2019.04.22-05.58.14:987][  0]LogTemp: Display: Loaded TP WindowsClientTargetPlatform
[2019.04.22-05.58.15:010][  0]LogTemp: Display: Loaded TP WindowsNoEditorTargetPlatform
[2019.04.22-05.58.15:038][  0]LogTemp: Display: Loaded TP WindowsServerTargetPlatform
[2019.04.22-05.58.15:049][  0]LogTemp: Display: Loaded TP WindowsTargetPlatform
[2019.04.22-05.58.15:195][  0]LogTemp: Display: Loaded TP AndroidTargetPlatform
[2019.04.22-05.58.15:195][  0]LogTemp: Display: Loaded TP AndroidTargetPlatform
[2019.04.22-05.58.15:195][  0]LogTemp: Display: Loaded TP AndroidTargetPlatform
[2019.04.22-05.58.15:195][  0]LogTemp: Display: Loaded TP AndroidTargetPlatform
[2019.04.22-05.58.15:195][  0]LogTemp: Display: Loaded TP AndroidTargetPlatform
[2019.04.22-05.58.15:195][  0]LogTemp: Display: Loaded TP AndroidTargetPlatform
[2019.04.22-05.58.15:195][  0]LogTemp: Display: Loaded TP AndroidTargetPlatform
[2019.04.22-05.58.15:195][  0]LogTemp: Display: Loaded TP AndroidTargetPlatform
[2019.04.22-05.58.15:195][  0]LogTemp: Display: Loaded TP AndroidTargetPlatform
[2019.04.22-05.58.15:195][  0]LogTemp: Display: Loaded TP AndroidTargetPlatform
[2019.04.22-05.58.15:195][  0]LogTemp: Display: Loaded TP AndroidTargetPlatform
[2019.04.22-05.58.15:195][  0]LogTemp: Display: Loaded TP AndroidTargetPlatform
[2019.04.22-05.58.15:195][  0]LogTemp: Display: Loaded TP AndroidTargetPlatform
[2019.04.22-05.58.15:195][  0]LogTemp: Display: Loaded TP AndroidTargetPlatform
[2019.04.22-05.58.15:195][  0]LogTemp: Display: Loaded TP AndroidTargetPlatform
[2019.04.22-05.58.15:195][  0]LogTemp: Display: Loaded TP AndroidTargetPlatform
[2019.04.22-05.58.15:196][  0]LogTemp: Display: Loaded TP AndroidTargetPlatform
[2019.04.22-05.58.15:196][  0]LogTemp: Display: Loaded TP AndroidTargetPlatform
[2019.04.22-05.58.15:198][  0]LogTemp: Display: Loaded TP HTML5TargetPlatform
[2019.04.22-05.58.15:282][  0]LogTemp: Display: Loaded TP IOSTargetPlatform
[2019.04.22-05.58.15:282][  0]LogTemp: Display: Loaded TP IOSTargetPlatform
[2019.04.22-05.58.15:321][  0]LogTemp: Display: Loaded TP TVOSTargetPlatform
[2019.04.22-05.58.15:321][  0]LogTemp: Display: Loaded TP TVOSTargetPlatform
[2019.04.22-05.58.15:334][  0]LogTemp: Display: Loaded TP LinuxClientTargetPlatform
[2019.04.22-05.58.15:347][  0]LogTemp: Display: Loaded TP LinuxNoEditorTargetPlatform
[2019.04.22-05.58.15:360][  0]LogTemp: Display: Loaded TP LinuxServerTargetPlatform
[2019.04.22-05.58.15:373][  0]LogTemp: Display: Loaded TP LinuxTargetPlatform
[2019.04.22-05.58.15:421][  0]LogTemp: Display: Loaded TP LuminTargetPlatform
[2019.04.22-05.58.15:421][  0]LogTemp: Display: Loaded TP LuminTargetPlatform
[2019.04.22-05.58.15:421][  0]LogTargetPlatformManager: Display: Building Assets For Windows
[2019.04.22-05.58.15:489][  0]LogShaderCompilers: Guid format shader working directory is -1 characters bigger than the processId version (../../../../../../Users/shinoda/Desktop/GameROOK/Intermediate/Shaders/WorkingDirectory/11708/).
[2019.04.22-05.58.15:489][  0]LogShaderCompilers: Cleaned the shader compiler working directory 'C:/Users/shinoda/AppData/Local/Temp/UnrealShaderWorkingDir/6E2E12B6435B069E3C42A9A09D5B2B4B/'.
[2019.04.22-05.58.15:492][  0]LogXGEController: Cleaning working directory: C:/Users/shinoda/AppData/Local/Temp/UnrealXGEWorkingDir/
[2019.04.22-05.58.15:492][  0]LogXGEController: Cannot use XGE Controller as Incredibuild is not installed on this machine.
[2019.04.22-05.58.15:492][  0]LogShaderCompilers: Cannot use XGE Shader Compiler as Incredibuild is not installed on this machine.
[2019.04.22-05.58.15:492][  0]LogShaderCompilers: Display: Using Local Shader Compiler.
[2019.04.22-05.58.16:078][  0]LogDerivedDataCache: Display: Max Cache Size: 512 MB
[2019.04.22-05.58.16:137][  0]LogDerivedDataCache: Loaded boot cache 0.06s 74MB C:/Users/shinoda/AppData/Local/UnrealEngine/4.21/DerivedDataCache/Boot.ddc.
[2019.04.22-05.58.16:137][  0]LogDerivedDataCache: Display: Loaded Boot cache: C:/Users/shinoda/AppData/Local/UnrealEngine/4.21/DerivedDataCache/Boot.ddc
[2019.04.22-05.58.16:137][  0]LogDerivedDataCache: FDerivedDataBackendGraph:  Pak pak cache file ../../../../../../Users/shinoda/Desktop/GameROOK/DerivedDataCache/DDC.ddp not found, will not use a pak cache.
[2019.04.22-05.58.16:137][  0]LogDerivedDataCache: Unable to find inner node Pak for hierarchical cache Hierarchy.
[2019.04.22-05.58.16:137][  0]LogDerivedDataCache: FDerivedDataBackendGraph:  CompressedPak pak cache file ../../../../../../Users/shinoda/Desktop/GameROOK/DerivedDataCache/Compressed.ddp not found, will not use a pak cache.
[2019.04.22-05.58.16:137][  0]LogDerivedDataCache: Unable to find inner node CompressedPak for hierarchical cache Hierarchy.
[2019.04.22-05.58.16:154][  0]LogDerivedDataCache: Display: Pak cache opened for reading ../../../Engine/DerivedDataCache/Compressed.ddp.
[2019.04.22-05.58.16:154][  0]LogDerivedDataCache: FDerivedDataBackendGraph:  EnterprisePak pak cache file ../../../Enterprise/DerivedDataCache/Compressed.ddp not found, will not use a pak cache.
[2019.04.22-05.58.16:154][  0]LogDerivedDataCache: Unable to find inner node EnterprisePak for hierarchical cache Hierarchy.
[2019.04.22-05.58.16:167][  0]LogDerivedDataCache: Using Local data cache path C:/Users/shinoda/AppData/Local/UnrealEngine/Common/DerivedDataCache: Writable
[2019.04.22-05.58.16:167][  0]LogDerivedDataCache: Shared data cache path not found in *engine.ini, will not use an Shared cache.
[2019.04.22-05.58.16:167][  0]LogDerivedDataCache: Unable to find inner node Shared for hierarchical cache Hierarchy.
[2019.04.22-05.58.16:200][  0]LogMaterial: Verifying Global Shaders for PCD3D_SM5
[2019.04.22-05.58.16:202][  0]LogSlate: Using FreeType 2.6.0
[2019.04.22-05.58.16:203][  0]LogSlate: SlateFontServices - WITH_FREETYPE: 1, WITH_HARFBUZZ: 1
[2019.04.22-05.58.16:292][  0]LogAssetRegistry: FAssetRegistry took 0.0340 seconds to start up
[2019.04.22-05.58.16:735][  0]LogInit: Selected Device Profile: [Windows]
[2019.04.22-05.58.16:897][  0]LogSimplygon: Simplygon DLL not present - disabling.
[2019.04.22-05.58.16:901][  0]LogMeshReduction: Using SimplygonSwarm for distributed automatic mesh merging
[2019.04.22-05.58.16:901][  0]LogMeshReduction: Using ProxyLODMeshReduction for automatic mesh merging
[2019.04.22-05.58.16:901][  0]LogMeshReduction: Using QuadricMeshReduction for automatic static mesh reduction
[2019.04.22-05.58.16:901][  0]LogMeshReduction: No automatic skeletal mesh reduction module available
[2019.04.22-05.58.16:917][  0]LogNetVersion: Prototype_1_00 1.0.0, NetCL: 4541578, EngineNetVer: 5, GameNetVer: 0 (Checksum: 3518137966)
[2019.04.22-05.58.17:535][  0]LogPackageLocalizationCache: Processed 11 localized package path(s) for 2 prioritized culture(s) in 0.132054 seconds
[2019.04.22-05.58.17:542][  0]LogUObjectArray: 39775 objects as part of root set at end of initial load.
[2019.04.22-05.58.17:542][  0]LogUObjectAllocator: 6914656 out of 0 bytes used by permanent object pool.
[2019.04.22-05.58.17:542][  0]LogUObjectArray: CloseDisregardForGC: 0/0 objects in disregard for GC pool
[2019.04.22-05.58.18:275][  0]LogMaterial: Display: Missing cached shader map for material BaseColor, compiling. 
[2019.04.22-05.58.18:276][  0]LogMaterial: Warning: C:\Program Files\Epic Games\UE_4.21\Engine\Content\BufferVisualization\BaseColor.uasset: Failed to compile Material for platform PCD3D_SM5, Default Material will be used in game.
[2019.04.22-05.58.18:276][  0]LogMaterial: 	(Node SceneTexture) GBuffer scene textures not available with forward shading.
[2019.04.22-05.58.18:313][  0]LogMaterial: Display: Missing cached shader map for material LightingModel, compiling. 
[2019.04.22-05.58.18:314][  0]LogMaterial: Warning: C:\Program Files\Epic Games\UE_4.21\Engine\Content\BufferVisualization\LightingModel.uasset: Failed to compile Material for platform PCD3D_SM5, Default Material will be used in game.
[2019.04.22-05.58.18:314][  0]LogMaterial: 	(Node SceneTexture) GBuffer scene textures not available with forward shading.
[2019.04.22-05.58.18:318][  0]LogMaterial: Display: Missing cached shader map for material MaterialAO, compiling. 
[2019.04.22-05.58.18:318][  0]LogMaterial: Warning: C:\Program Files\Epic Games\UE_4.21\Engine\Content\BufferVisualization\MaterialAO.uasset: Failed to compile Material for platform PCD3D_SM5, Default Material will be used in game.
[2019.04.22-05.58.18:318][  0]LogMaterial: 	(Node SceneTexture) GBuffer scene textures not available with forward shading.
[2019.04.22-05.58.18:322][  0]LogMaterial: Display: Missing cached shader map for material Metallic, compiling. 
[2019.04.22-05.58.18:322][  0]LogMaterial: Warning: C:\Program Files\Epic Games\UE_4.21\Engine\Content\BufferVisualization\Metallic.uasset: Failed to compile Material for platform PCD3D_SM5, Default Material will be used in game.
[2019.04.22-05.58.18:322][  0]LogMaterial: 	(Node SceneTexture) GBuffer scene textures not available with forward shading.
[2019.04.22-05.58.18:326][  0]LogMaterial: Display: Missing cached shader map for material Opacity, compiling. 
[2019.04.22-05.58.18:326][  0]LogMaterial: Warning: C:\Program Files\Epic Games\UE_4.21\Engine\Content\BufferVisualization\Opacity.uasset: Failed to compile Material for platform PCD3D_SM5, Default Material will be used in game.
[2019.04.22-05.58.18:326][  0]LogMaterial: 	(Node SceneTexture) GBuffer scene textures not available with forward shading.
[2019.04.22-05.58.18:330][  0]LogMaterial: Display: Missing cached shader map for material Roughness, compiling. 
[2019.04.22-05.58.18:331][  0]LogMaterial: Warning: C:\Program Files\Epic Games\UE_4.21\Engine\Content\BufferVisualization\Roughness.uasset: Failed to compile Material for platform PCD3D_SM5, Default Material will be used in game.
[2019.04.22-05.58.18:331][  0]LogMaterial: 	(Node SceneTexture) GBuffer scene textures not available with forward shading.
[2019.04.22-05.58.18:358][  0]LogMaterial: Display: Missing cached shader map for material Specular, compiling. 
[2019.04.22-05.58.18:358][  0]LogMaterial: Warning: C:\Program Files\Epic Games\UE_4.21\Engine\Content\BufferVisualization\Specular.uasset: Failed to compile Material for platform PCD3D_SM5, Default Material will be used in game.
[2019.04.22-05.58.18:358][  0]LogMaterial: 	(Node SceneTexture) GBuffer scene textures not available with forward shading.
[2019.04.22-05.58.18:362][  0]LogMaterial: Display: Missing cached shader map for material SubsurfaceColor, compiling. 
[2019.04.22-05.58.18:363][  0]LogMaterial: Warning: C:\Program Files\Epic Games\UE_4.21\Engine\Content\BufferVisualization\SubsurfaceColor.uasset: Failed to compile Material for platform PCD3D_SM5, Default Material will be used in game.
[2019.04.22-05.58.18:363][  0]LogMaterial: 	(Node SceneTexture) GBuffer scene textures not available with forward shading.
[2019.04.22-05.58.18:366][  0]LogMaterial: Display: Missing cached shader map for material WorldNormal, compiling. 
[2019.04.22-05.58.18:367][  0]LogMaterial: Warning: C:\Program Files\Epic Games\UE_4.21\Engine\Content\BufferVisualization\WorldNormal.uasset: Failed to compile Material for platform PCD3D_SM5, Default Material will be used in game.
[2019.04.22-05.58.18:367][  0]LogMaterial: 	(Node SceneTexture) GBuffer scene textures not available with forward shading.
[2019.04.22-05.58.18:433][  0]LogTcpMessaging: Initializing TcpMessaging bridge
[2019.04.22-05.58.18:447][  0]LogUdpMessaging: Initializing bridge on interface 0.0.0.0:0 to multicast group 230.0.0.1:6666.
[2019.04.22-05.58.19:244][  0]SourceControl: ソースコントロールは無効です
[2019.04.22-05.58.19:244][  0]SourceControl: ソースコントロールは無効です
[2019.04.22-05.58.19:246][  0]SourceControl: ソースコントロールは無効です
[2019.04.22-05.58.19:247][  0]SourceControl: ソースコントロールは無効です
[2019.04.22-05.58.19:423][  0]LogAndroidPermission: UAndroidPermissionCallbackProxy::GetInstance
[2019.04.22-05.58.19:481][  0]LogOcInput: OculusInput pre-init called
[2019.04.22-05.58.19:673][  0]LogEngine: Initializing Engine...
[2019.04.22-05.58.19:674][  0]LogHMD: Failed to initialize OpenVR with code 110
[2019.04.22-05.58.19:677][  0]LogStats: UGameplayTagsManager::ConstructGameplayTagTree: ImportINI prefixes -  0.000 s
[2019.04.22-05.58.19:677][  0]LogStats: UGameplayTagsManager::ConstructGameplayTagTree: Construct from data asset -  0.000 s
[2019.04.22-05.58.19:678][  0]LogStats: UGameplayTagsManager::ConstructGameplayTagTree: ImportINI -  0.000 s
[2019.04.22-05.58.19:678][  0]LogStats: UGameplayTagsManager::ConstructGameplayTagTree: GameplayTagTreeChangedEvent.Broadcast -  0.000 s
[2019.04.22-05.58.20:022][  0]LogInit: Initializing FReadOnlyCVARCache
[2019.04.22-05.58.20:039][  0]LogAIModule: Creating AISystem for world Untitled
[2019.04.22-05.58.20:048][  0]LogInit: XAudio2 using 'スピーカー (Realtek High Definition Audio)' : 2 channels at 48 kHz using 32 bits per sample (channel mask 0x3)
[2019.04.22-05.58.20:176][  0]LogInit: FAudioDevice initialized.
[2019.04.22-05.58.20:176][  0]LogNetVersion: Set ProjectVersion to 1.0.0.0. Version Checksum will be recalculated on next use.
[2019.04.22-05.58.20:404][  0]LogDerivedDataCache: Saved boot cache 0.23s 74MB C:/Users/shinoda/AppData/Local/UnrealEngine/4.21/DerivedDataCache/Boot.ddc.
[2019.04.22-05.58.20:420][  0]LogInit: Texture streaming: Enabled
[2019.04.22-05.58.20:443][  0]LogEngineSessionManager: EngineSessionManager initialized
[2019.04.22-05.58.20:443][  0]LogEngineSessionManager: EngineSessionManager sent abnormal shutdown report. Type=AbnormalShutdown, SessionId={D345CE23-40BB-87B2-C4CA-19B45B57B04E}
[2019.04.22-05.58.20:458][  0]LogInit: Transaction tracking system initialized
[2019.04.22-05.58.20:488][  0]BlueprintLog: New page: エディタの読み込み
[2019.04.22-05.58.20:576][  0]LocalizationService: ローカライズのサービスが無効になりました
[2019.04.22-05.58.21:114][  0]LogCook: Display: Max memory allowance for cook 16384mb min free memory 0mb
[2019.04.22-05.58.21:114][  0]LogCook: Display: Mobile HDR setting 1
[2019.04.22-05.58.21:114][  0]LogGameplayTags: Display: UGameplayTagsManager::DoneAddingNativeTags. DelegateIsBound: 0
[2019.04.22-05.58.21:114][  0]LogStats: UGameplayTagsManager::ConstructGameplayTagTree: ImportINI prefixes -  0.000 s
[2019.04.22-05.58.21:114][  0]LogStats: UGameplayTagsManager::ConstructGameplayTagTree: Construct from data asset -  0.000 s
[2019.04.22-05.58.21:114][  0]LogStats: UGameplayTagsManager::ConstructGameplayTagTree: ImportINI -  0.000 s
[2019.04.22-05.58.21:114][  0]LogStats: UGameplayTagsManager::ConstructGameplayTagTree: GameplayTagTreeChangedEvent.Broadcast -  0.000 s
[2019.04.22-05.58.21:299][  0]LogFileCache: Scanning file cache for directory 'C:/Users/shinoda/Desktop/GameROOK/Content/' took 0.04s
[2019.04.22-05.58.21:299][  0]SourceControl: ソースコントロールは無効です
[2019.04.22-05.58.21:300][  0]Cmd: MAP LOAD FILE="../../../../../../Users/shinoda/Desktop/GameROOK/Content/Map/Title_Map.umap" TEMPLATE=0 SHOWPROGRESS=1 FEATURELEVEL=3
[2019.04.22-05.58.21:300][  0]LightingResults: New page: ライティングのビルド
[2019.04.22-05.58.21:304][  0]MapCheck: New page: マップをチェック
[2019.04.22-05.58.21:304][  0]LightingResults: New page: <何も選択されていません>
[2019.04.22-05.58.21:595][  0]LogAIModule: Creating AISystem for world Title_Map
[2019.04.22-05.58.21:600][  0]LogStreaming: Display: ULevelStreaming::RequestLevel(/Game/Map/Reflection_Map) is flushing async loading
[2019.04.22-05.58.21:600][  0]LogStreaming: Display: Flushing async loaders.
[2019.04.22-05.58.22:503][  0]LogEditorServer: Finished looking for orphan Actors (0.000 secs)
[2019.04.22-05.58.22:616][  0]Cmd: MAP CHECKDEP NOCLEARLOG
[2019.04.22-05.58.22:616][  0]LogEditorServer: Warning: WorldSettings_1 contains streaming level '/Game/Map/Reflection_Of_Light' which isn't loaded.
[2019.04.22-05.58.22:616][  0]MapCheck: マップチェックが完了: 0 エラー、 0 警告、完了に 0.395ミリ秒かかりました。
[2019.04.22-05.58.22:616][  0]LogFileHelpers: Loading map 'Title_Map' took 1.316
[2019.04.22-05.58.22:850][  0]LogSlate: Updating window title bar state: overlay mode, drag disabled, window buttons hidden, title bar hidden
[2019.04.22-05.58.22:864][  0]LogSlate: Updating window title bar state: overlay mode, drag disabled, window buttons hidden, title bar hidden
[2019.04.22-05.58.22:879][  0]LogSlate: Updating window title bar state: overlay mode, drag disabled, window buttons hidden, title bar hidden
[2019.04.22-05.58.22:891][  0]LogSlate: Updating window title bar state: overlay mode, drag disabled, window buttons hidden, title bar hidden
[2019.04.22-05.58.22:901][  0]LogCollectionManager: Loaded 0 collections in 0.002397 seconds
[2019.04.22-05.58.22:919][  0]LogFileCache: Scanning file cache for directory 'C:/Users/shinoda/Desktop/GameROOK/Saved/Collections/' took 0.01s
[2019.04.22-05.58.22:919][  0]LogFileCache: Scanning file cache for directory 'C:/Users/shinoda/Desktop/GameROOK/Content/Developers/shinoda/Collections/' took 0.00s
[2019.04.22-05.58.22:919][  0]LogFileCache: Scanning file cache for directory 'C:/Users/shinoda/Desktop/GameROOK/Content/Collections/' took 0.00s
[2019.04.22-05.58.22:919][  0]LogCollectionManager: Rebuilt the GUID cache for 0 collections in 0.000000 seconds
[2019.04.22-05.58.22:930][  0]LogContentBrowser: Native class hierarchy populated in 0.0105 seconds. Added 2651 classes and 620 folders.
[2019.04.22-05.58.22:937][  0]LogContentBrowser: Native class hierarchy updated for 'WidgetCarousel' in 0.0003 seconds. Added 0 classes and 0 folders.
[2019.04.22-05.58.22:938][  0]LogPakFile: Registered encryption key '00000000000000000000000000000000': 0 pak files mounted, 0 remain pending
[2019.04.22-05.58.22:939][  0]LogPakFile: Registered encryption key '00000000000000000000000000000000': 0 pak files mounted, 0 remain pending
[2019.04.22-05.58.22:940][  0]LogPakFile: Registered encryption key '00000000000000000000000000000000': 0 pak files mounted, 0 remain pending
[2019.04.22-05.58.22:940][  0]LogPakFile: Registered encryption key '00000000000000000000000000000000': 0 pak files mounted, 0 remain pending
[2019.04.22-05.58.22:940][  0]LogPakFile: Registered encryption key '00000000000000000000000000000000': 0 pak files mounted, 0 remain pending
[2019.04.22-05.58.22:941][  0]LogPakFile: Registered encryption key '00000000000000000000000000000000': 0 pak files mounted, 0 remain pending
[2019.04.22-05.58.22:941][  0]LogPakFile: Registered encryption key '00000000000000000000000000000000': 0 pak files mounted, 0 remain pending
[2019.04.22-05.58.22:942][  0]LogPakFile: Registered encryption key '00000000000000000000000000000000': 0 pak files mounted, 0 remain pending
[2019.04.22-05.58.22:942][  0]LogPakFile: Registered encryption key '00000000000000000000000000000000': 0 pak files mounted, 0 remain pending
[2019.04.22-05.58.22:943][  0]LogPakFile: Registered encryption key '00000000000000000000000000000000': 0 pak files mounted, 0 remain pending
[2019.04.22-05.58.22:943][  0]LogPakFile: Registered encryption key '00000000000000000000000000000000': 0 pak files mounted, 0 remain pending
[2019.04.22-05.58.22:944][  0]LogPakFile: Registered encryption key '00000000000000000000000000000000': 0 pak files mounted, 0 remain pending
[2019.04.22-05.58.22:944][  0]LogPakFile: Registered encryption key '00000000000000000000000000000000': 0 pak files mounted, 0 remain pending
[2019.04.22-05.58.22:945][  0]LogPakFile: Registered encryption key '00000000000000000000000000000000': 0 pak files mounted, 0 remain pending
[2019.04.22-05.58.22:945][  0]LogPakFile: Registered encryption key '00000000000000000000000000000000': 0 pak files mounted, 0 remain pending
[2019.04.22-05.58.22:946][  0]LogPakFile: Registered encryption key '00000000000000000000000000000000': 0 pak files mounted, 0 remain pending
[2019.04.22-05.58.22:946][  0]LogPakFile: Registered encryption key '00000000000000000000000000000000': 0 pak files mounted, 0 remain pending
[2019.04.22-05.58.22:947][  0]LogPakFile: Registered encryption key '00000000000000000000000000000000': 0 pak files mounted, 0 remain pending
[2019.04.22-05.58.22:947][  0]LogPakFile: Registered encryption key '00000000000000000000000000000000': 0 pak files mounted, 0 remain pending
[2019.04.22-05.58.22:948][  0]LogPakFile: Registered encryption key '00000000000000000000000000000000': 0 pak files mounted, 0 remain pending
[2019.04.22-05.58.22:948][  0]LogPakFile: Registered encryption key '00000000000000000000000000000000': 0 pak files mounted, 0 remain pending
[2019.04.22-05.58.22:948][  0]LogPakFile: Registered encryption key '00000000000000000000000000000000': 0 pak files mounted, 0 remain pending
[2019.04.22-05.58.22:949][  0]LogPakFile: Registered encryption key '00000000000000000000000000000000': 0 pak files mounted, 0 remain pending
[2019.04.22-05.58.22:949][  0]LogPakFile: Registered encryption key '00000000000000000000000000000000': 0 pak files mounted, 0 remain pending
[2019.04.22-05.58.22:950][  0]LogPakFile: Registered encryption key '00000000000000000000000000000000': 0 pak files mounted, 0 remain pending
[2019.04.22-05.58.22:950][  0]LogPakFile: Registered encryption key '00000000000000000000000000000000': 0 pak files mounted, 0 remain pending
[2019.04.22-05.58.22:988][  0]LogContentBrowser: Native class hierarchy updated for 'AddContentDialog' in 0.0003 seconds. Added 0 classes and 0 folders.
[2019.04.22-05.58.22:993][  0]LogContentBrowser: Native class hierarchy updated for 'SceneOutliner' in 0.0003 seconds. Added 1 classes and 2 folders.
[2019.04.22-05.58.23:038][  0]LogContentBrowser: Native class hierarchy updated for 'HierarchicalLODOutliner' in 0.0004 seconds. Added 0 classes and 0 folders.
[2019.04.22-05.58.23:038][  0]LogLoad: (Engine Initialization) Total time: 11.03 seconds
[2019.04.22-05.58.23:038][  0]LogLoad: (Engine Initialization) Total Blueprint compile time: 0.00 seconds
[2019.04.22-05.58.23:054][  0]LogWindowsTextInputMethodSystem: Display: IME system now activated using TSF (Microsoft IME).
[2019.04.22-05.58.23:130][  0]LogContentStreaming: Texture pool size now 1000 MB
[2019.04.22-05.58.23:132][  0]LogSlate: Took 0.000287 seconds to synchronously load lazily loaded font '../../../Engine/Content/Slate/Fonts/Roboto-Regular.ttf' (155K)
[2019.04.22-05.58.23:134][  0]LogSlate: Took 0.000534 seconds to synchronously load lazily loaded font '../../../Engine/Content/Editor/Slate/Fonts/GenEiGothicPro-Regular.otf' (707K)
[2019.04.22-05.58.23:136][  0]LogSlate: Took 0.000700 seconds to synchronously load lazily loaded font '../../../Engine/Content/Editor/Slate/Fonts/GenEiGothicPro-Bold.otf' (698K)
[2019.04.22-05.58.23:137][  0]LogSlate: Took 0.000160 seconds to synchronously load lazily loaded font '../../../Engine/Content/Slate/Fonts/Roboto-Bold.ttf' (160K)
[2019.04.22-05.58.23:141][  0]LogSlate: Took 0.000211 seconds to synchronously load lazily loaded font '../../../Engine/Content/Editor/Slate/Fonts/FontAwesome.ttf' (139K)
[2019.04.22-05.58.23:271][  0]LogSlate: Took 0.000177 seconds to synchronously load lazily loaded font '../../../Engine/Content/Slate/Fonts/Roboto-Light.ttf' (167K)
[2019.04.22-05.58.23:710][  2]LogRenderer: Reallocating scene render targets to support 676x284 Format 10 NumSamples 1 (Frame:1).
[2019.04.22-05.58.24:555][  3]LogAssetRegistry: Asset discovery search completed in 8.2850 seconds
[2019.04.22-05.58.24:557][  3]LogCollectionManager: Rebuilt the object cache for 0 collections in 0.000001 seconds (found 0 objects)
[2019.04.22-05.58.24:558][  3]LogCollectionManager: Fixed up redirectors for 0 collections in 0.000083 seconds (updated 0 objects)
[2019.04.22-05.58.28:314][151]LogFileCache: Retrieving MD5 hashes for directory 'C:/Users/shinoda/Desktop/GameROOK/Content/' took 5.24s
[2019.04.22-05.58.29:660][204]LogSlate: FSceneViewport::OnFocusLost() reason 0
[2019.04.22-05.58.29:814][209]LogSlate: Took 0.000270 seconds to synchronously load lazily loaded font '../../../Engine/Content/Slate/Fonts/Roboto-Light.ttf' (167K)
[2019.04.22-05.58.29:817][209]LogSlate: Took 0.000979 seconds to synchronously load lazily loaded font '../../../Engine/Content/Editor/Slate/Fonts/GenEiGothicPro-Light.otf' (713K)
[2019.04.22-05.58.29:945][209]LogAIModule: Creating AISystem for world Reflection_Remake
[2019.04.22-05.58.29:960][209]LogAssetEditorManager: Opening Asset editor for World /Game/Map/Reflection_Remake.Reflection_Remake
[2019.04.22-05.58.30:067][209]Cmd: MAP LOAD FILE="../../../../../../Users/shinoda/Desktop/GameROOK/Content/Map/Reflection_Remake.umap" TEMPLATE=0 SHOWPROGRESS=1 FEATURELEVEL=3
[2019.04.22-05.58.30:067][209]LightingResults: New page: ライティングのビルド
[2019.04.22-05.58.30:068][209]LoadErrors: New page: マップをロード中: Reflection_Remake.umap
[2019.04.22-05.58.30:070][209]MapCheck: New page: マップをチェック
[2019.04.22-05.58.30:070][209]LightingResults: New page: <何も選択されていません>
[2019.04.22-05.58.30:142][209]LogEditorServer: Finished looking for orphan Actors (0.000 secs)
[2019.04.22-05.58.30:226][209]Cmd: MAP CHECKDEP NOCLEARLOG
[2019.04.22-05.58.30:227][209]MapCheck: マップチェックが完了: 0 エラー、 0 警告、完了に 0.164ミリ秒かかりました。
[2019.04.22-05.58.30:227][209]LogFileHelpers: Loading map 'Reflection_Remake' took 0.160
[2019.04.22-05.58.32:108][294]LogEditorViewport: Clicking on Actor (LMB): StaticMeshActor (SM_Slums_Wall_02h)
[2019.04.22-05.58.33:710][351]LogSlate: FSceneViewport::OnFocusLost() reason 0
[2019.04.22-05.58.33:788][352]LogRenderer: Reallocating scene render targets to support 680x284 Format 10 NumSamples 1 (Frame:146).
[2019.04.22-05.58.57:956][258]LogActorFactory: Actor Factory created SM_Slums_Wall_02l
[2019.04.22-05.58.59:416][320]LogActorFactory: Actor Factory created SM_Slums_Wall_02l
[2019.04.22-05.59.00:529][367]LogSlate: FSceneViewport::OnFocusLost() reason 2
[2019.04.22-05.59.00:542][367]Cmd: OBJ SAVEPACKAGE PACKAGE="/Game/Map/Reflection_Remake" FILE="../../../../../../Users/shinoda/Desktop/GameROOK/Content/Map/Reflection_Remake.umap" SILENT=true AUTOSAVING=false KEEPDIRTY=false
[2019.04.22-05.59.00:720][367]LogSavePackage: Moving '../../../../../../Users/shinoda/Desktop/GameROOK/Saved/Reflection_Remake04BD6FA14110B42DAD2700A081A15611.tmp' to '../../../../../../Users/shinoda/Desktop/GameROOK/Content/Map/Reflection_Remake.umap'
[2019.04.22-05.59.00:765][367]Cmd: OBJ SAVEPACKAGE PACKAGE="/Game/Map/Reflection_Remake_BuiltData" FILE="../../../../../../Users/shinoda/Desktop/GameROOK/Content/Map/Reflection_Remake_BuiltData.uasset" SILENT=true
[2019.04.22-05.59.00:923][367]LogSavePackage: Moving '../../../../../../Users/shinoda/Desktop/GameROOK/Saved/Reflection_Remake_BuiltData1318F75E4E839F72B38EFDACBAB33A59.tmp' to '../../../../../../Users/shinoda/Desktop/GameROOK/Content/Map/Reflection_Remake_BuiltData.uasset'
[2019.04.22-05.59.06:381][626]LogSlate: FSceneViewport::OnFocusLost() reason 0
[2019.04.22-05.59.15:341][ 74]LogSlate: FSceneViewport::OnFocusLost() reason 0
[2019.04.22-05.59.24:333][502]LogSlate: FSceneViewport::OnFocusLost() reason 0
[2019.04.22-05.59.30:742][834]LogSlate: FSceneViewport::OnFocusLost() reason 0
[2019.04.22-05.59.38:160][233]LogSlate: FSceneViewport::OnFocusLost() reason 2
[2019.04.22-05.59.38:169][233]Cmd: OBJ SAVEPACKAGE PACKAGE="/Game/Map/Reflection_Remake" FILE="../../../../../../Users/shinoda/Desktop/GameROOK/Content/Map/Reflection_Remake.umap" SILENT=true AUTOSAVING=false KEEPDIRTY=false
[2019.04.22-05.59.38:352][233]LogSavePackage: Moving '../../../../../../Users/shinoda/Desktop/GameROOK/Saved/Reflection_Remake5709F99C46E08DCB1A70BEAC7D5F5199.tmp' to '../../../../../../Users/shinoda/Desktop/GameROOK/Content/Map/Reflection_Remake.umap'
[2019.04.22-05.59.38:398][233]Cmd: OBJ SAVEPACKAGE PACKAGE="/Game/Map/Reflection_Remake_BuiltData" FILE="../../../../../../Users/shinoda/Desktop/GameROOK/Content/Map/Reflection_Remake_BuiltData.uasset" SILENT=true
[2019.04.22-05.59.38:534][233]LogSavePackage: Moving '../../../../../../Users/shinoda/Desktop/GameROOK/Saved/Reflection_Remake_BuiltData16D0565943310B5E871DD58ECB4B5E5C.tmp' to '../../../../../../Users/shinoda/Desktop/GameROOK/Content/Map/Reflection_Remake_BuiltData.uasset'
[2019.04.22-06.05.41:897][274]LogSlate: FSceneViewport::OnFocusLost() reason 0
[2019.04.22-06.05.51:732][770]LogSlate: FSceneViewport::OnFocusLost() reason 2
[2019.04.22-06.05.51:741][770]Cmd: OBJ SAVEPACKAGE PACKAGE="/Game/Map/Reflection_Remake" FILE="../../../../../../Users/shinoda/Desktop/GameROOK/Content/Map/Reflection_Remake.umap" SILENT=true AUTOSAVING=false KEEPDIRTY=false
[2019.04.22-06.05.51:936][770]LogSavePackage: Moving '../../../../../../Users/shinoda/Desktop/GameROOK/Saved/Reflection_Remake19A1D22740C0748AF3427D9C2F3693DE.tmp' to '../../../../../../Users/shinoda/Desktop/GameROOK/Content/Map/Reflection_Remake.umap'
[2019.04.22-06.05.51:983][770]Cmd: OBJ SAVEPACKAGE PACKAGE="/Game/Map/Reflection_Remake_BuiltData" FILE="../../../../../../Users/shinoda/Desktop/GameROOK/Content/Map/Reflection_Remake_BuiltData.uasset" SILENT=true
[2019.04.22-06.05.52:126][770]LogSavePackage: Moving '../../../../../../Users/shinoda/Desktop/GameROOK/Saved/Reflection_Remake_BuiltData3627E7EF44ABD28C74FD218680A15D51.tmp' to '../../../../../../Users/shinoda/Desktop/GameROOK/Content/Map/Reflection_Remake_BuiltData.uasset'
[2019.04.22-06.05.54:465][855]LogD3D11RHI: Timed out while waiting for GPU to catch up. (0.5 s)
