Log file open, 04/04/19 17:11:31
LogWindows: Failed to load 'aqProf.dll' (GetLastError=126)
LogWindows: File 'aqProf.dll' does not exist
LogWindows: Failed to load 'VtuneApi.dll' (GetLastError=126)
LogWindows: File 'VtuneApi.dll' does not exist
LogWindows: Failed to load 'VtuneApi32e.dll' (GetLastError=126)
LogWindows: File 'VtuneApi32e.dll' does not exist
LogConsoleResponse: Display: Failed to find resolution value strings in scalability ini. Falling back to default.
LogInit: Display: Running engine for game: Prototype_1_00
LogPakFile: Registered encryption key '00000000000000000000000000000000': 0 pak files mounted, 0 remain pending
LogPlatformFile: Not using cached read wrapper
LogTaskGraph: Started task graph with 5 named threads and 11 total threads with 3 sets of task threads.
LogStats: Stats thread started at 0.168952
LogD3D11RHI: Loaded GFSDK_Aftermath_Lib.x64.dll
LogICUInternationalization: ICU TimeZone Detection - Raw Offset: +9:00, Platform Override: ''
LogPluginManager: Mounting plugin Paper2D
LogPluginManager: Mounting plugin AISupport
LogPluginManager: Mounting plugin LightPropagationVolume
LogPluginManager: Mounting plugin ActorLayerUtilities
LogPluginManager: Mounting plugin CLionSourceCodeAccess
LogPluginManager: Mounting plugin CodeLiteSourceCodeAccess
LogPluginManager: Mounting plugin GitSourceControl
LogPluginManager: Mounting plugin KDevelopSourceCodeAccess
LogPluginManager: Mounting plugin NullSourceCodeAccess
LogPluginManager: Mounting plugin PerforceSourceControl
LogPluginManager: Mounting plugin SubversionSourceControl
LogPluginManager: Mounting plugin UObjectPlugin
LogPluginManager: Mounting plugin VisualStudioCodeSourceCodeAccess
LogPluginManager: Mounting plugin VisualStudioSourceCodeAccess
LogPluginManager: Mounting plugin XCodeSourceCodeAccess
LogPluginManager: Mounting plugin AssetManagerEditor
LogPluginManager: Mounting plugin CryptoKeys
LogPluginManager: Mounting plugin DataValidation
LogPluginManager: Mounting plugin FacialAnimation
LogPluginManager: Mounting plugin GameplayTagsEditor
LogPluginManager: Mounting plugin MacGraphicsSwitching
LogPluginManager: Mounting plugin MeshEditor
LogPluginManager: Mounting plugin MobileLauncherProfileWizard
LogPluginManager: Mounting plugin PluginBrowser
LogPluginManager: Mounting plugin SpeedTreeImporter
LogPluginManager: Mounting plugin DatasmithContent
LogPluginManager: Mounting plugin VariantManagerContent
LogPluginManager: Mounting plugin AlembicImporter
LogPluginManager: Mounting plugin AppleImageUtils
LogPluginManager: Mounting plugin AppleVision
LogPluginManager: Mounting plugin BackChannel
LogPluginManager: Mounting plugin CharacterAI
LogPluginManager: Mounting plugin GeometryCache
LogPluginManager: Mounting plugin HTML5Networking
LogPluginManager: Mounting plugin ProxyLODPlugin
LogPluginManager: Mounting plugin MagicLeap
LogPluginManager: Mounting plugin MagicLeapMedia
LogPluginManager: Mounting plugin AndroidMedia
LogPluginManager: Mounting plugin AvfMedia
LogPluginManager: Mounting plugin ImgMedia
LogPluginManager: Mounting plugin LinearTimecode
LogPluginManager: Mounting plugin MediaCompositing
LogPluginManager: Mounting plugin MediaPlayerEditor
LogPluginManager: Mounting plugin WebMMedia
LogPluginManager: Mounting plugin WmfMedia
LogPluginManager: Mounting plugin TcpMessaging
LogPluginManager: Mounting plugin UdpMessaging
LogPluginManager: Mounting plugin ActorSequence
LogPluginManager: Mounting plugin LevelSequenceEditor
LogPluginManager: Mounting plugin MatineeToLevelSequence
LogPluginManager: Mounting plugin NetcodeUnitTest
LogPluginManager: Mounting plugin NUTUnrealEngine4
LogPluginManager: Mounting plugin OnlineSubsystemGooglePlay
LogPluginManager: Mounting plugin OnlineSubsystemIOS
LogPluginManager: Mounting plugin OnlineSubsystem
LogPluginManager: Mounting plugin OnlineSubsystemNull
LogPluginManager: Mounting plugin OnlineSubsystemUtils
LogPluginManager: Mounting plugin LauncherChunkInstaller
LogPluginManager: Mounting plugin AndroidDeviceProfileSelector
LogPluginManager: Mounting plugin AndroidMoviePlayer
LogPluginManager: Mounting plugin AndroidPermission
LogPluginManager: Mounting plugin AppleMoviePlayer
LogPluginManager: Mounting plugin ArchVisCharacter
LogPluginManager: Mounting plugin AudioCapture
LogPluginManager: Mounting plugin CableComponent
LogPluginManager: Mounting plugin CustomMeshComponent
LogPluginManager: Mounting plugin EditableMesh
LogPluginManager: Mounting plugin ExampleDeviceProfileSelector
LogPluginManager: Mounting plugin Firebase
LogPluginManager: Mounting plugin GoogleCloudMessaging
LogPluginManager: Mounting plugin IOSDeviceProfileSelector
LogPluginManager: Mounting plugin LinuxDeviceProfileSelector
LogPluginManager: Mounting plugin LocationServicesBPLibrary
LogPluginManager: Mounting plugin MobilePatchingUtils
LogPluginManager: Mounting plugin OculusVR
LogPluginManager: Mounting plugin PhysXVehicles
LogPluginManager: Mounting plugin ProceduralMeshComponent
LogPluginManager: Mounting plugin RuntimePhysXCooking
LogPluginManager: Mounting plugin SteamVR
LogPluginManager: Mounting plugin WebMMoviePlayer
LogPluginManager: Mounting plugin WindowsMoviePlayer
LogStreaming: Display: Took  0.825s to configure plugins.
LogInit: Using libcurl 7.55.1-DEV
LogInit:  - built for x86_64-pc-win32
LogInit:  - supports SSL with OpenSSL/1.0.2h
LogInit:  - supports HTTP deflate (compression) using libz 1.2.8
LogInit:  - other features:
LogInit:      CURL_VERSION_SSL
LogInit:      CURL_VERSION_LIBZ
LogInit:      CURL_VERSION_IPV6
LogInit:      CURL_VERSION_ASYNCHDNS
LogInit:      CURL_VERSION_LARGEFILE
LogInit:      CURL_VERSION_IDN
LogInit:  CurlRequestOptions (configurable via config and command line):
LogInit:  - bVerifyPeer = true  - Libcurl will verify peer certificate
LogInit:  - bUseHttpProxy = false  - Libcurl will NOT use HTTP proxy
LogInit:  - bDontReuseConnections = false  - Libcurl will reuse connections
LogInit:  - MaxHostConnections = 16  - Libcurl will limit the number of connections to a host
LogInit:  - LocalHostAddr = Default
LogInit:  - BufferSize = 65536
LogInit: WinSock: version 1.1 (2.2), MaxSocks=32767, MaxUdp=65467
LogInit: Build: ++UE4+Release-4.21-CL-4753647
LogInit: Engine Version: 4.21.2-4753647+++UE4+Release-4.21
LogInit: Compatible Engine Version: 4.21.0-4541578+++UE4+Release-4.21
LogInit: Net CL: 4541578
LogInit: OS: Windows 10 (), CPU: Intel(R) Core(TM) i5-7200U CPU @ 2.50GHz, GPU: Intel(R) HD Graphics 620
LogInit: Compiled (64-bit): Jan 19 2019 02:07:31
LogInit: Compiled with Visual C++: 19.13.26129.00
LogInit: Build Configuration: Development
LogInit: Branch Name: ++UE4+Release-4.21
LogInit: Command Line: 
LogInit: Base Directory: C:/Program Files/Epic Games/UE_4.21/Engine/Binaries/Win64/
LogInit: Installed Engine Build: 1
LogDevObjectVersion: Number of dev versions registered: 22
LogDevObjectVersion:   Dev-Blueprints (B0D832E4-1F89-4F0D-ACCF-7EB736FD4AA2): 10
LogDevObjectVersion:   Dev-Build (E1C64328-A22C-4D53-A36C-8E866417BD8C): 0
LogDevObjectVersion:   Dev-Core (375EC13C-06E4-48FB-B500-84F0262A717E): 2
LogDevObjectVersion:   Dev-Editor (E4B068ED-F494-42E9-A231-DA0B2E46BB41): 26
LogDevObjectVersion:   Dev-Framework (CFFC743F-43B0-4480-9391-14DF171D2073): 34
LogDevObjectVersion:   Dev-Mobile (B02B49B5-BB20-44E9-A304-32B752E40360): 2
LogDevObjectVersion:   Dev-Networking (A4E4105C-59A1-49B5-A7C5-40C4547EDFEE): 0
LogDevObjectVersion:   Dev-Online (39C831C9-5AE6-47DC-9A44-9C173E1C8E7C): 0
LogDevObjectVersion:   Dev-Physics (78F01B33-EBEA-4F98-B9B4-84EACCB95AA2): 0
LogDevObjectVersion:   Dev-Platform (6631380F-2D4D-43E0-8009-CF276956A95A): 0
LogDevObjectVersion:   Dev-Rendering (12F88B9F-8875-4AFC-A67C-D90C383ABD29): 27
LogDevObjectVersion:   Dev-Sequencer (7B5AE74C-D270-4C10-A958-57980B212A5A): 9
LogDevObjectVersion:   Dev-VR (D7296918-1DD6-4BDD-9DE2-64A83CC13884): 2
LogDevObjectVersion:   Dev-LoadTimes (C2A15278-BFE7-4AFE-6C17-90FF531DF755): 1
LogDevObjectVersion:   Private-Geometry (6EACA3D4-40EC-4CC1-B786-8BED09428FC5): 3
LogDevObjectVersion:   Dev-AnimPhys (29E575DD-E0A3-4627-9D10-D276232CDCEA): 17
LogDevObjectVersion:   Dev-Anim (AF43A65D-7FD3-4947-9873-3E8ED9C1BB05): 2
LogDevObjectVersion:   Dev-ReflectionCapture (6B266CEC-1EC7-4B8F-A30B-E4D90942FC07): 1
LogDevObjectVersion:   Dev-Automation (0DF73D61-A23F-47EA-B727-89E90C41499A): 1
LogDevObjectVersion:   FortniteMain (601D1886-AC64-4F84-AA16-D3DE0DEAC7D6): 17
LogDevObjectVersion:   Dev-Enterprise (9DFFBCD6-494F-0158-E221-12823C92A888): 4
LogDevObjectVersion:   Dev-Niagara (F2AED0AC-9AFE-416F-8664-AA7FFA26D6FC): 1
LogStreaming: Display: Took  0.148s to delete old logs.
LogInit: Presizing for max 8388607 objects, including 0 objects not considered by GC, pre-allocating 0 bytes for permanent pool.
LogInit: Object subsystem initialized
LogConfig: Setting CVar [[con.DebugEarlyDefault:1]]
LogConfig: Setting CVar [[r.setres:1280x720]]
[2019.04.04-08.11.33:113][  0]LogConfig: Setting CVar [[r.VSync:0]]
[2019.04.04-08.11.33:113][  0]LogConfig: Setting CVar [[r.RHICmdBypass:0]]
[2019.04.04-08.11.33:113][  0]LogConfig: Applying CVar settings from Section [/Script/Engine.RendererSettings] File [C:/Users/keiji matsumoto/Desktop/Prototype_1_00/Saved/Config/Windows/Engine.ini]
[2019.04.04-08.11.33:114][  0]LogConfig: Setting CVar [[r.GPUCrashDebugging:0]]
[2019.04.04-08.11.33:114][  0]LogConfig: Setting CVar [[r.ForwardShading:1]]
[2019.04.04-08.11.33:114][  0]LogConfig: Applying CVar settings from Section [/Script/Engine.RendererOverrideSettings] File [C:/Users/keiji matsumoto/Desktop/Prototype_1_00/Saved/Config/Windows/Engine.ini]
[2019.04.04-08.11.33:114][  0]LogConfig: Applying CVar settings from Section [/Script/Engine.StreamingSettings] File [C:/Users/keiji matsumoto/Desktop/Prototype_1_00/Saved/Config/Windows/Engine.ini]
[2019.04.04-08.11.33:114][  0]LogConfig: Setting CVar [[s.MinBulkDataSizeForAsyncLoading:131072]]
[2019.04.04-08.11.33:114][  0]LogConfig: Setting CVar [[s.AsyncLoadingThreadEnabled:0]]
[2019.04.04-08.11.33:114][  0]LogConfig: Setting CVar [[s.EventDrivenLoaderEnabled:1]]
[2019.04.04-08.11.33:114][  0]LogConfig: Setting CVar [[s.WarnIfTimeLimitExceeded:0]]
[2019.04.04-08.11.33:114][  0]LogConfig: Setting CVar [[s.TimeLimitExceededMultiplier:1.5]]
[2019.04.04-08.11.33:114][  0]LogConfig: Setting CVar [[s.TimeLimitExceededMinTime:0.005]]
[2019.04.04-08.11.33:114][  0]LogConfig: Setting CVar [[s.UseBackgroundLevelStreaming:1]]
[2019.04.04-08.11.33:114][  0]LogConfig: Setting CVar [[s.PriorityAsyncLoadingExtraTime:15.0]]
[2019.04.04-08.11.33:114][  0]LogConfig: Setting CVar [[s.LevelStreamingActorsUpdateTimeLimit:5.0]]
[2019.04.04-08.11.33:114][  0]LogConfig: Setting CVar [[s.PriorityLevelStreamingActorsUpdateExtraTime:5.0]]
[2019.04.04-08.11.33:114][  0]LogConfig: Setting CVar [[s.LevelStreamingComponentsRegistrationGranularity:10]]
[2019.04.04-08.11.33:114][  0]LogConfig: Setting CVar [[s.UnregisterComponentsTimeLimit:1.0]]
[2019.04.04-08.11.33:114][  0]LogConfig: Setting CVar [[s.LevelStreamingComponentsUnregistrationGranularity:5]]
[2019.04.04-08.11.33:114][  0]LogConfig: Applying CVar settings from Section [/Script/Engine.GarbageCollectionSettings] File [C:/Users/keiji matsumoto/Desktop/Prototype_1_00/Saved/Config/Windows/Engine.ini]
[2019.04.04-08.11.33:114][  0]LogConfig: Setting CVar [[gc.MaxObjectsNotConsideredByGC:1]]
[2019.04.04-08.11.33:114][  0]LogConfig: Setting CVar [[gc.SizeOfPermanentObjectPool:0]]
[2019.04.04-08.11.33:114][  0]LogConfig: Setting CVar [[gc.FlushStreamingOnGC:0]]
[2019.04.04-08.11.33:114][  0]LogConfig: Setting CVar [[gc.NumRetriesBeforeForcingGC:10]]
[2019.04.04-08.11.33:114][  0]LogConfig: Setting CVar [[gc.AllowParallelGC:1]]
[2019.04.04-08.11.33:114][  0]LogConfig: Setting CVar [[gc.TimeBetweenPurgingPendingKillObjects:61.1]]
[2019.04.04-08.11.33:114][  0]LogConfig: Setting CVar [[gc.MaxObjectsInEditor:8388607]]
[2019.04.04-08.11.33:114][  0]LogConfig: Setting CVar [[gc.IncrementalBeginDestroyEnabled:1]]
[2019.04.04-08.11.33:114][  0]LogConfig: Setting CVar [[gc.CreateGCClusters:1]]
[2019.04.04-08.11.33:114][  0]LogConfig: Setting CVar [[gc.MergeGCClusters:0]]
[2019.04.04-08.11.33:114][  0]LogConfig: Setting CVar [[gc.MinGCClusterSize:5]]
[2019.04.04-08.11.33:114][  0]LogConfig: Setting CVar [[gc.ActorClusteringEnabled:0]]
[2019.04.04-08.11.33:114][  0]LogConfig: Setting CVar [[gc.BlueprintClusteringEnabled:0]]
[2019.04.04-08.11.33:114][  0]LogConfig: Setting CVar [[gc.UseDisregardForGCOnDedicatedServers:0]]
[2019.04.04-08.11.33:114][  0]LogConfig: Applying CVar settings from Section [/Script/Engine.NetworkSettings] File [C:/Users/keiji matsumoto/Desktop/Prototype_1_00/Saved/Config/Windows/Engine.ini]
[2019.04.04-08.11.33:114][  0]LogConfig: Applying CVar settings from Section [/Script/UnrealEd.CookerSettings] File [C:/Users/keiji matsumoto/Desktop/Prototype_1_00/Saved/Config/Windows/Engine.ini]
[2019.04.04-08.11.33:117][  0]LogConfig: Applying CVar settings from Section [ViewDistanceQuality@3] File [C:/Users/keiji matsumoto/Desktop/Prototype_1_00/Saved/Config/Windows/Scalability.ini]
[2019.04.04-08.11.33:117][  0]LogConfig: Setting CVar [[r.SkeletalMeshLODBias:0]]
[2019.04.04-08.11.33:117][  0]LogConfig: Setting CVar [[r.ViewDistanceScale:1.0]]
[2019.04.04-08.11.33:117][  0]LogConfig: Applying CVar settings from Section [AntiAliasingQuality@3] File [C:/Users/keiji matsumoto/Desktop/Prototype_1_00/Saved/Config/Windows/Scalability.ini]
[2019.04.04-08.11.33:117][  0]LogConfig: Setting CVar [[r.PostProcessAAQuality:4]]
[2019.04.04-08.11.33:117][  0]LogConfig: Applying CVar settings from Section [ShadowQuality@3] File [C:/Users/keiji matsumoto/Desktop/Prototype_1_00/Saved/Config/Windows/Scalability.ini]
[2019.04.04-08.11.33:117][  0]LogConfig: Setting CVar [[r.LightFunctionQuality:1]]
[2019.04.04-08.11.33:117][  0]LogConfig: Setting CVar [[r.ShadowQuality:5]]
[2019.04.04-08.11.33:117][  0]LogConfig: Setting CVar [[r.Shadow.CSM.MaxCascades:10]]
[2019.04.04-08.11.33:117][  0]LogConfig: Setting CVar [[r.Shadow.MaxResolution:2048]]
[2019.04.04-08.11.33:117][  0]LogConfig: Setting CVar [[r.Shadow.MaxCSMResolution:2048]]
[2019.04.04-08.11.33:117][  0]LogConfig: Setting CVar [[r.Shadow.RadiusThreshold:0.01]]
[2019.04.04-08.11.33:117][  0]LogConfig: Setting CVar [[r.Shadow.DistanceScale:1.0]]
[2019.04.04-08.11.33:117][  0]LogConfig: Setting CVar [[r.Shadow.CSM.TransitionScale:1.0]]
[2019.04.04-08.11.33:117][  0]LogConfig: Setting CVar [[r.Shadow.PreShadowResolutionFactor:1.0]]
[2019.04.04-08.11.33:117][  0]LogConfig: Setting CVar [[r.DistanceFieldShadowing:1]]
[2019.04.04-08.11.33:117][  0]LogConfig: Setting CVar [[r.DistanceFieldAO:1]]
[2019.04.04-08.11.33:117][  0]LogConfig: Setting CVar [[r.AOQuality:2]]
[2019.04.04-08.11.33:117][  0]LogConfig: Setting CVar [[r.VolumetricFog:1]]
[2019.04.04-08.11.33:117][  0]LogConfig: Setting CVar [[r.VolumetricFog.GridPixelSize:8]]
[2019.04.04-08.11.33:117][  0]LogConfig: Setting CVar [[r.VolumetricFog.GridSizeZ:128]]
[2019.04.04-08.11.33:117][  0]LogConfig: Setting CVar [[r.VolumetricFog.HistoryMissSupersampleCount:4]]
[2019.04.04-08.11.33:117][  0]LogConfig: Setting CVar [[r.LightMaxDrawDistanceScale:1]]
[2019.04.04-08.11.33:117][  0]LogConfig: Setting CVar [[r.CapsuleShadows:1]]
[2019.04.04-08.11.33:117][  0]LogConfig: Applying CVar settings from Section [PostProcessQuality@3] File [C:/Users/keiji matsumoto/Desktop/Prototype_1_00/Saved/Config/Windows/Scalability.ini]
[2019.04.04-08.11.33:117][  0]LogConfig: Setting CVar [[r.MotionBlurQuality:4]]
[2019.04.04-08.11.33:117][  0]LogConfig: Setting CVar [[r.AmbientOcclusionMipLevelFactor:0.4]]
[2019.04.04-08.11.33:117][  0]LogConfig: Setting CVar [[r.AmbientOcclusionMaxQuality:100]]
[2019.04.04-08.11.33:117][  0]LogConfig: Setting CVar [[r.AmbientOcclusionLevels:-1]]
[2019.04.04-08.11.33:117][  0]LogConfig: Setting CVar [[r.AmbientOcclusionRadiusScale:1.0]]
[2019.04.04-08.11.33:117][  0]LogConfig: Setting CVar [[r.DepthOfFieldQuality:2]]
[2019.04.04-08.11.33:117][  0]LogConfig: Setting CVar [[r.RenderTargetPoolMin:400]]
[2019.04.04-08.11.33:117][  0]LogConfig: Setting CVar [[r.LensFlareQuality:2]]
[2019.04.04-08.11.33:117][  0]LogConfig: Setting CVar [[r.SceneColorFringeQuality:1]]
[2019.04.04-08.11.33:117][  0]LogConfig: Setting CVar [[r.EyeAdaptationQuality:2]]
[2019.04.04-08.11.33:117][  0]LogConfig: Setting CVar [[r.BloomQuality:5]]
[2019.04.04-08.11.33:117][  0]LogConfig: Setting CVar [[r.FastBlurThreshold:100]]
[2019.04.04-08.11.33:117][  0]LogConfig: Setting CVar [[r.Upscale.Quality:3]]
[2019.04.04-08.11.33:117][  0]LogConfig: Setting CVar [[r.Tonemapper.GrainQuantization:1]]
[2019.04.04-08.11.33:117][  0]LogConfig: Setting CVar [[r.LightShaftQuality:1]]
[2019.04.04-08.11.33:117][  0]LogConfig: Setting CVar [[r.Filter.SizeScale:1]]
[2019.04.04-08.11.33:117][  0]LogConfig: Setting CVar [[r.Tonemapper.Quality:5]]
[2019.04.04-08.11.33:117][  0]LogConfig: Setting CVar [[r.DOF.Gather.AccumulatorQuality:1        ; higher gathering accumulator quality]]
[2019.04.04-08.11.33:117][  0]LogConfig: Setting CVar [[r.DOF.Gather.PostfilterMethod:1          ; Median3x3 postfilering method]]
[2019.04.04-08.11.33:117][  0]LogConfig: Setting CVar [[r.DOF.Gather.EnableBokehSettings:0       ; no bokeh simulation when gathering]]
[2019.04.04-08.11.33:117][  0]LogConfig: Setting CVar [[r.DOF.Gather.RingCount:4                 ; medium number of samples when gathering]]
[2019.04.04-08.11.33:117][  0]LogConfig: Setting CVar [[r.DOF.Scatter.ForegroundCompositing:1    ; additive foreground scattering]]
[2019.04.04-08.11.33:117][  0]LogConfig: Setting CVar [[r.DOF.Scatter.BackgroundCompositing:2    ; additive background scattering]]
[2019.04.04-08.11.33:117][  0]LogConfig: Setting CVar [[r.DOF.Scatter.EnableBokehSettings:1      ; bokeh simulation when scattering]]
[2019.04.04-08.11.33:117][  0]LogConfig: Setting CVar [[r.DOF.Scatter.MaxSpriteRatio:0.1         ; only a maximum of 10% of scattered bokeh]]
[2019.04.04-08.11.33:117][  0]LogConfig: Setting CVar [[r.DOF.Recombine.Quality:1                ; cheap slight out of focus]]
[2019.04.04-08.11.33:117][  0]LogConfig: Setting CVar [[r.DOF.Recombine.EnableBokehSettings:0    ; no bokeh simulation on slight out of focus]]
[2019.04.04-08.11.33:117][  0]LogConfig: Setting CVar [[r.DOF.TemporalAAQuality:1                ; more stable temporal accumulation]]
[2019.04.04-08.11.33:118][  0]LogConfig: Setting CVar [[r.DOF.Kernel.MaxForegroundRadius:0.025]]
[2019.04.04-08.11.33:118][  0]LogConfig: Setting CVar [[r.DOF.Kernel.MaxBackgroundRadius:0.025]]
[2019.04.04-08.11.33:118][  0]LogConfig: Applying CVar settings from Section [TextureQuality@3] File [C:/Users/keiji matsumoto/Desktop/Prototype_1_00/Saved/Config/Windows/Scalability.ini]
[2019.04.04-08.11.33:118][  0]LogConfig: Setting CVar [[r.Streaming.MipBias:0]]
[2019.04.04-08.11.33:118][  0]LogConfig: Setting CVar [[r.Streaming.AmortizeCPUToGPUCopy:0]]
[2019.04.04-08.11.33:118][  0]LogConfig: Setting CVar [[r.Streaming.MaxNumTexturesToStreamPerFrame:0]]
[2019.04.04-08.11.33:118][  0]LogConfig: Setting CVar [[r.Streaming.Boost:1]]
[2019.04.04-08.11.33:118][  0]LogConfig: Setting CVar [[r.MaxAnisotropy:8]]
[2019.04.04-08.11.33:118][  0]LogConfig: Setting CVar [[r.Streaming.LimitPoolSizeToVRAM:0]]
[2019.04.04-08.11.33:118][  0]LogConfig: Setting CVar [[r.Streaming.PoolSize:1000]]
[2019.04.04-08.11.33:118][  0]LogConfig: Setting CVar [[r.Streaming.MaxEffectiveScreenSize:0]]
[2019.04.04-08.11.33:118][  0]LogConfig: Applying CVar settings from Section [EffectsQuality@3] File [C:/Users/keiji matsumoto/Desktop/Prototype_1_00/Saved/Config/Windows/Scalability.ini]
[2019.04.04-08.11.33:118][  0]LogConfig: Setting CVar [[r.TranslucencyLightingVolumeDim:64]]
[2019.04.04-08.11.33:118][  0]LogConfig: Setting CVar [[r.RefractionQuality:2]]
[2019.04.04-08.11.33:118][  0]LogConfig: Setting CVar [[r.SSR.Quality:3]]
[2019.04.04-08.11.33:118][  0]LogConfig: Setting CVar [[r.SceneColorFormat:4]]
[2019.04.04-08.11.33:118][  0]LogConfig: Setting CVar [[r.DetailMode:2]]
[2019.04.04-08.11.33:118][  0]LogConfig: Setting CVar [[r.TranslucencyVolumeBlur:1]]
[2019.04.04-08.11.33:118][  0]LogConfig: Setting CVar [[r.MaterialQualityLevel:1 ; High quality]]
[2019.04.04-08.11.33:118][  0]LogConfig: Setting CVar [[r.SSS.Scale:1]]
[2019.04.04-08.11.33:118][  0]LogConfig: Setting CVar [[r.SSS.SampleSet:2]]
[2019.04.04-08.11.33:118][  0]LogConfig: Setting CVar [[r.SSS.Quality:1]]
[2019.04.04-08.11.33:118][  0]LogConfig: Setting CVar [[r.SSS.HalfRes:1]]
[2019.04.04-08.11.33:118][  0]LogConfig: Setting CVar [[r.EmitterSpawnRateScale:1.0]]
[2019.04.04-08.11.33:118][  0]LogConfig: Setting CVar [[r.ParticleLightQuality:2]]
[2019.04.04-08.11.33:118][  0]LogConfig: Applying CVar settings from Section [FoliageQuality@3] File [C:/Users/keiji matsumoto/Desktop/Prototype_1_00/Saved/Config/Windows/Scalability.ini]
[2019.04.04-08.11.33:118][  0]LogConfig: Setting CVar [[foliage.DensityScale:1.0]]
[2019.04.04-08.11.33:118][  0]LogConfig: Setting CVar [[grass.DensityScale:1.0]]
[2019.04.04-08.11.33:118][  0]LogInit: Selected Device Profile: [Windows]
[2019.04.04-08.11.33:118][  0]LogInit: Applying CVar settings loaded from the selected device profile: [Windows]
[2019.04.04-08.11.33:155][  0]LogHAL: Display: Platform has ~ 8 GB [8494374912 / 8589934592 / 8], which maps to Default [LargestMinGB=32, LargerMinGB=12, DefaultMinGB=8, SmallerMinGB=6, SmallestMinGB=0)
[2019.04.04-08.11.33:155][  0]LogConfig: Setting CVar [[r.Vulkan.UseRealUBs:1]]
[2019.04.04-08.11.33:155][  0]LogInit: Going up to parent DeviceProfile []
[2019.04.04-08.11.33:156][  0]LogConfig: Applying CVar settings from Section [ViewDistanceQuality@0] File [C:/Users/keiji matsumoto/Desktop/Prototype_1_00/Saved/Config/Windows/Scalability.ini]
[2019.04.04-08.11.33:156][  0]LogConfig: Setting CVar [[r.SkeletalMeshLODBias:2]]
[2019.04.04-08.11.33:156][  0]LogConfig: Setting CVar [[r.ViewDistanceScale:0.4]]
[2019.04.04-08.11.33:156][  0]LogConfig: Applying CVar settings from Section [AntiAliasingQuality@0] File [C:/Users/keiji matsumoto/Desktop/Prototype_1_00/Saved/Config/Windows/Scalability.ini]
[2019.04.04-08.11.33:156][  0]LogConfig: Setting CVar [[r.PostProcessAAQuality:0]]
[2019.04.04-08.11.33:156][  0]LogConfig: Applying CVar settings from Section [ShadowQuality@0] File [C:/Users/keiji matsumoto/Desktop/Prototype_1_00/Saved/Config/Windows/Scalability.ini]
[2019.04.04-08.11.33:156][  0]LogConfig: Setting CVar [[r.LightFunctionQuality:0]]
[2019.04.04-08.11.33:156][  0]LogConfig: Setting CVar [[r.ShadowQuality:0]]
[2019.04.04-08.11.33:156][  0]LogConfig: Setting CVar [[r.Shadow.CSM.MaxCascades:1]]
[2019.04.04-08.11.33:156][  0]LogConfig: Setting CVar [[r.Shadow.MaxResolution:512]]
[2019.04.04-08.11.33:156][  0]LogConfig: Setting CVar [[r.Shadow.MaxCSMResolution:512]]
[2019.04.04-08.11.33:156][  0]LogConfig: Setting CVar [[r.Shadow.RadiusThreshold:0.06]]
[2019.04.04-08.11.33:156][  0]LogConfig: Setting CVar [[r.Shadow.DistanceScale:0.6]]
[2019.04.04-08.11.33:156][  0]LogConfig: Setting CVar [[r.Shadow.CSM.TransitionScale:0]]
[2019.04.04-08.11.33:156][  0]LogConfig: Setting CVar [[r.Shadow.PreShadowResolutionFactor:0.5]]
[2019.04.04-08.11.33:156][  0]LogConfig: Setting CVar [[r.DistanceFieldShadowing:0]]
[2019.04.04-08.11.33:156][  0]LogConfig: Setting CVar [[r.DistanceFieldAO:0]]
[2019.04.04-08.11.33:156][  0]LogConfig: Setting CVar [[r.VolumetricFog:0]]
[2019.04.04-08.11.33:156][  0]LogConfig: Setting CVar [[r.LightMaxDrawDistanceScale:0]]
[2019.04.04-08.11.33:156][  0]LogConfig: Setting CVar [[r.CapsuleShadows:0]]
[2019.04.04-08.11.33:156][  0]LogConfig: Applying CVar settings from Section [PostProcessQuality@0] File [C:/Users/keiji matsumoto/Desktop/Prototype_1_00/Saved/Config/Windows/Scalability.ini]
[2019.04.04-08.11.33:156][  0]LogConfig: Setting CVar [[r.MotionBlurQuality:0]]
[2019.04.04-08.11.33:156][  0]LogConfig: Setting CVar [[r.AmbientOcclusionMipLevelFactor:1.0]]
[2019.04.04-08.11.33:156][  0]LogConfig: Setting CVar [[r.AmbientOcclusionMaxQuality:0]]
[2019.04.04-08.11.33:156][  0]LogConfig: Setting CVar [[r.AmbientOcclusionLevels:0]]
[2019.04.04-08.11.33:156][  0]LogConfig: Setting CVar [[r.AmbientOcclusionRadiusScale:1.2]]
[2019.04.04-08.11.33:156][  0]LogConfig: Setting CVar [[r.DepthOfFieldQuality:0]]
[2019.04.04-08.11.33:156][  0]LogConfig: Setting CVar [[r.RenderTargetPoolMin:300]]
[2019.04.04-08.11.33:156][  0]LogConfig: Setting CVar [[r.LensFlareQuality:0]]
[2019.04.04-08.11.33:156][  0]LogConfig: Setting CVar [[r.SceneColorFringeQuality:0]]
[2019.04.04-08.11.33:156][  0]LogConfig: Setting CVar [[r.EyeAdaptationQuality:0]]
[2019.04.04-08.11.33:156][  0]LogConfig: Setting CVar [[r.BloomQuality:4]]
[2019.04.04-08.11.33:156][  0]LogConfig: Setting CVar [[r.FastBlurThreshold:0]]
[2019.04.04-08.11.33:156][  0]LogConfig: Setting CVar [[r.Upscale.Quality:1]]
[2019.04.04-08.11.33:156][  0]LogConfig: Setting CVar [[r.Tonemapper.GrainQuantization:0]]
[2019.04.04-08.11.33:156][  0]LogConfig: Setting CVar [[r.LightShaftQuality:0]]
[2019.04.04-08.11.33:156][  0]LogConfig: Setting CVar [[r.Filter.SizeScale:0.6]]
[2019.04.04-08.11.33:156][  0]LogConfig: Setting CVar [[r.Tonemapper.Quality:0]]
[2019.04.04-08.11.33:156][  0]LogConfig: Applying CVar settings from Section [TextureQuality@0] File [C:/Users/keiji matsumoto/Desktop/Prototype_1_00/Saved/Config/Windows/Scalability.ini]
[2019.04.04-08.11.33:156][  0]LogConfig: Setting CVar [[r.Streaming.MipBias:16]]
[2019.04.04-08.11.33:156][  0]LogConfig: Setting CVar [[r.Streaming.AmortizeCPUToGPUCopy:1]]
[2019.04.04-08.11.33:156][  0]LogConfig: Setting CVar [[r.Streaming.MaxNumTexturesToStreamPerFrame:1]]
[2019.04.04-08.11.33:156][  0]LogConfig: Setting CVar [[r.Streaming.Boost:0.3]]
[2019.04.04-08.11.33:156][  0]LogConfig: Setting CVar [[r.MaxAnisotropy:0]]
[2019.04.04-08.11.33:156][  0]LogConfig: Setting CVar [[r.Streaming.LimitPoolSizeToVRAM:1]]
[2019.04.04-08.11.33:156][  0]LogConfig: Setting CVar [[r.Streaming.PoolSize:400]]
[2019.04.04-08.11.33:156][  0]LogConfig: Setting CVar [[r.Streaming.MaxEffectiveScreenSize:0]]
[2019.04.04-08.11.33:156][  0]LogConfig: Applying CVar settings from Section [EffectsQuality@0] File [C:/Users/keiji matsumoto/Desktop/Prototype_1_00/Saved/Config/Windows/Scalability.ini]
[2019.04.04-08.11.33:156][  0]LogConfig: Setting CVar [[r.TranslucencyLightingVolumeDim:24]]
[2019.04.04-08.11.33:156][  0]LogConfig: Setting CVar [[r.RefractionQuality:0]]
[2019.04.04-08.11.33:156][  0]LogConfig: Setting CVar [[r.SSR.Quality:0]]
[2019.04.04-08.11.33:156][  0]LogConfig: Setting CVar [[r.SceneColorFormat:3]]
[2019.04.04-08.11.33:156][  0]LogConfig: Setting CVar [[r.DetailMode:0]]
[2019.04.04-08.11.33:156][  0]LogConfig: Setting CVar [[r.TranslucencyVolumeBlur:0]]
[2019.04.04-08.11.33:156][  0]LogConfig: Setting CVar [[r.MaterialQualityLevel:0 ; Low quality]]
[2019.04.04-08.11.33:156][  0]LogConfig: Setting CVar [[r.SSS.Scale:0]]
[2019.04.04-08.11.33:156][  0]LogConfig: Setting CVar [[r.SSS.SampleSet:0]]
[2019.04.04-08.11.33:156][  0]LogConfig: Setting CVar [[r.SSS.Quality:0]]
[2019.04.04-08.11.33:156][  0]LogConfig: Setting CVar [[r.SSS.HalfRes:1]]
[2019.04.04-08.11.33:156][  0]LogConfig: Setting CVar [[r.EmitterSpawnRateScale:0.125]]
[2019.04.04-08.11.33:156][  0]LogConfig: Setting CVar [[r.ParticleLightQuality:0]]
[2019.04.04-08.11.33:156][  0]LogConfig: Applying CVar settings from Section [FoliageQuality@0] File [C:/Users/keiji matsumoto/Desktop/Prototype_1_00/Saved/Config/Windows/Scalability.ini]
[2019.04.04-08.11.33:156][  0]LogConfig: Setting CVar [[foliage.DensityScale:0]]
[2019.04.04-08.11.33:156][  0]LogConfig: Setting CVar [[grass.DensityScale:0]]
[2019.04.04-08.11.33:156][  0]LogConfig: Applying CVar settings from Section [Startup] File [../../../Engine/Config/ConsoleVariables.ini]
[2019.04.04-08.11.33:157][  0]LogConfig: Setting CVar [[net.UseAdaptiveNetUpdateFrequency:0]]
[2019.04.04-08.11.33:157][  0]LogConfig: Applying CVar settings from Section [ConsoleVariables] File [C:/Users/keiji matsumoto/Desktop/Prototype_1_00/Saved/Config/Windows/Engine.ini]
[2019.04.04-08.11.33:157][  0]LogInit: Computer: DESKTOP-J9BLR6N
[2019.04.04-08.11.33:157][  0]LogInit: User: keijimatsumoto
[2019.04.04-08.11.33:157][  0]LogInit: CPU Page size=4096, Cores=2
[2019.04.04-08.11.33:157][  0]LogInit: High frequency timer resolution =2.648439 MHz
[2019.04.04-08.11.33:157][  0]LogMemory: Memory total: Physical=7.9GB (8GB approx)
[2019.04.04-08.11.33:157][  0]LogMemory: Platform Memory Stats for Windows
[2019.04.04-08.11.33:157][  0]LogMemory: Process Physical Memory: 102.57 MB used, 102.57 MB peak
[2019.04.04-08.11.33:157][  0]LogMemory: Process Virtual Memory: 84.92 MB used, 84.92 MB peak
[2019.04.04-08.11.33:157][  0]LogMemory: Physical Memory: 4828.29 MB used,  3272.57 MB free, 8100.87 MB total
[2019.04.04-08.11.33:157][  0]LogMemory: Virtual Memory: 4629.02 MB used,  134213096.00 MB free, 134217728.00 MB total
[2019.04.04-08.11.33:182][  0]LogInit: Using OS detected language (ja-JP).
[2019.04.04-08.11.33:182][  0]LogInit: Using OS detected locale (ja-JP).
[2019.04.04-08.11.33:184][  0]LogTextLocalizationManager: No specific localization for 'ja-JP' exists, so the 'ja' localization will be used.
[2019.04.04-08.11.33:597][  0]LogStreaming: Display: Took  0.415s to InitEngineTextLocalization.
[2019.04.04-08.11.33:597][  0]LogInit: Setting process to per monitor DPI aware
[2019.04.04-08.11.33:652][  0]LogSlate: New Slate User Created.  User Index 0, Is Virtual User: 0
[2019.04.04-08.11.33:652][  0]LogSlate: Slate User Registered.  User Index 0, Is Virtual User: 0
[2019.04.04-08.11.33:957][  0]LogHMD: Failed to initialize OpenVR with code 110
[2019.04.04-08.11.33:957][  0]LogD3D11RHI: D3D11 adapters:
[2019.04.04-08.11.33:972][  0]LogD3D11RHI:    0. 'Intel(R) HD Graphics 620' (Feature Level 11_0)
[2019.04.04-08.11.33:972][  0]LogD3D11RHI:       128/0/4050 MB DedicatedVideo/DedicatedSystem/SharedSystem, Outputs:1, VendorId:0x8086
[2019.04.04-08.11.33:975][  0]LogD3D11RHI:    1. 'Microsoft Basic Render Driver' (Feature Level 11_0)
[2019.04.04-08.11.33:975][  0]LogD3D11RHI:       0/0/4050 MB DedicatedVideo/DedicatedSystem/SharedSystem, Outputs:0, VendorId:0x1414
[2019.04.04-08.11.33:975][  0]LogD3D11RHI: Chosen D3D11 Adapter: 0
[2019.04.04-08.11.34:135][  0]LogD3D11RHI: Creating new Direct3DDevice
[2019.04.04-08.11.34:136][  0]LogD3D11RHI:     GPU DeviceId: 0x5916 (for the marketing name, search the web for "GPU Device Id")
[2019.04.04-08.11.34:136][  0]LogWindows: EnumDisplayDevices:
[2019.04.04-08.11.34:136][  0]LogWindows:    0. 'Intel(R) HD Graphics 620' (P:1 D:1)
[2019.04.04-08.11.34:136][  0]LogWindows:    1. 'Intel(R) HD Graphics 620' (P:0 D:0)
[2019.04.04-08.11.34:137][  0]LogWindows:    2. 'Intel(R) HD Graphics 620' (P:0 D:0)
[2019.04.04-08.11.34:137][  0]LogWindows: DebugString: FoundDriverCount:3 
[2019.04.04-08.11.34:137][  0]LogD3D11RHI:     Adapter Name: Intel(R) HD Graphics 620
[2019.04.04-08.11.34:137][  0]LogD3D11RHI:   Driver Version: 21.20.16.4550 (internal:21.20.16.4550, unified:21.20.16.4550)
[2019.04.04-08.11.34:137][  0]LogD3D11RHI:      Driver Date: 11-11-2016
[2019.04.04-08.11.34:137][  0]LogRHI: Texture pool is 1507 MB (70% of 2153 MB)
[2019.04.04-08.11.34:671][  0]LogD3D11RHI: [IntelMetricsDiscovery] Started
[2019.04.04-08.11.34:671][  0]LogD3D11RHI: Async texture creation enabled
[2019.04.04-08.11.34:680][  0]LogD3D11RHI: GPU Timing Frequency: 12.000000 (Debug: 2 0)
[2019.04.04-08.11.35:666][  0]LogTemp: Display: Loaded TP AllDesktopTargetPlatform
[2019.04.04-08.11.35:684][  0]LogTemp: Display: Loaded TP MacClientTargetPlatform
[2019.04.04-08.11.35:702][  0]LogTemp: Display: Loaded TP MacNoEditorTargetPlatform
[2019.04.04-08.11.35:719][  0]LogTemp: Display: Loaded TP MacServerTargetPlatform
[2019.04.04-08.11.35:740][  0]LogTemp: Display: Loaded TP MacTargetPlatform
[2019.04.04-08.11.35:760][  0]LogTemp: Display: Loaded TP WindowsClientTargetPlatform
[2019.04.04-08.11.35:778][  0]LogTemp: Display: Loaded TP WindowsNoEditorTargetPlatform
[2019.04.04-08.11.35:798][  0]LogTemp: Display: Loaded TP WindowsServerTargetPlatform
[2019.04.04-08.11.35:808][  0]LogTemp: Display: Loaded TP WindowsTargetPlatform
[2019.04.04-08.11.35:926][  0]LogTemp: Display: Loaded TP AndroidTargetPlatform
[2019.04.04-08.11.35:926][  0]LogTemp: Display: Loaded TP AndroidTargetPlatform
[2019.04.04-08.11.35:926][  0]LogTemp: Display: Loaded TP AndroidTargetPlatform
[2019.04.04-08.11.35:926][  0]LogTemp: Display: Loaded TP AndroidTargetPlatform
[2019.04.04-08.11.35:926][  0]LogTemp: Display: Loaded TP AndroidTargetPlatform
[2019.04.04-08.11.35:926][  0]LogTemp: Display: Loaded TP AndroidTargetPlatform
[2019.04.04-08.11.35:926][  0]LogTemp: Display: Loaded TP AndroidTargetPlatform
[2019.04.04-08.11.35:926][  0]LogTemp: Display: Loaded TP AndroidTargetPlatform
[2019.04.04-08.11.35:926][  0]LogTemp: Display: Loaded TP AndroidTargetPlatform
[2019.04.04-08.11.35:926][  0]LogTemp: Display: Loaded TP AndroidTargetPlatform
[2019.04.04-08.11.35:926][  0]LogTemp: Display: Loaded TP AndroidTargetPlatform
[2019.04.04-08.11.35:926][  0]LogTemp: Display: Loaded TP AndroidTargetPlatform
[2019.04.04-08.11.35:926][  0]LogTemp: Display: Loaded TP AndroidTargetPlatform
[2019.04.04-08.11.35:926][  0]LogTemp: Display: Loaded TP AndroidTargetPlatform
[2019.04.04-08.11.35:926][  0]LogTemp: Display: Loaded TP AndroidTargetPlatform
[2019.04.04-08.11.35:926][  0]LogTemp: Display: Loaded TP AndroidTargetPlatform
[2019.04.04-08.11.35:926][  0]LogTemp: Display: Loaded TP AndroidTargetPlatform
[2019.04.04-08.11.35:926][  0]LogTemp: Display: Loaded TP AndroidTargetPlatform
[2019.04.04-08.11.35:928][  0]LogTemp: Display: Loaded TP HTML5TargetPlatform
[2019.04.04-08.11.35:999][  0]LogTemp: Display: Loaded TP IOSTargetPlatform
[2019.04.04-08.11.35:999][  0]LogTemp: Display: Loaded TP IOSTargetPlatform
[2019.04.04-08.11.36:030][  0]LogTemp: Display: Loaded TP TVOSTargetPlatform
[2019.04.04-08.11.36:030][  0]LogTemp: Display: Loaded TP TVOSTargetPlatform
[2019.04.04-08.11.36:045][  0]LogTemp: Display: Loaded TP LinuxClientTargetPlatform
[2019.04.04-08.11.36:063][  0]LogTemp: Display: Loaded TP LinuxNoEditorTargetPlatform
[2019.04.04-08.11.36:082][  0]LogTemp: Display: Loaded TP LinuxServerTargetPlatform
[2019.04.04-08.11.36:102][  0]LogTemp: Display: Loaded TP LinuxTargetPlatform
[2019.04.04-08.11.36:182][  0]LogTemp: Display: Loaded TP LuminTargetPlatform
[2019.04.04-08.11.36:182][  0]LogTemp: Display: Loaded TP LuminTargetPlatform
[2019.04.04-08.11.36:182][  0]LogTargetPlatformManager: Display: Building Assets For Windows
[2019.04.04-08.11.36:304][  0]LogShaderCompilers: Guid format shader working directory is -8 characters bigger than the processId version (../../../../../../Users/keiji matsumoto/Desktop/Prototype_1_00/Intermediate/Shaders/WorkingDirectory/542288/).
[2019.04.04-08.11.36:304][  0]LogShaderCompilers: Cleaned the shader compiler working directory 'C:/Users/keiji matsumoto/AppData/Local/Temp/UnrealShaderWorkingDir/0F8ACFE04758F06B0D4DF8979CDD235A/'.
[2019.04.04-08.11.36:308][  0]LogXGEController: Cannot use XGE Controller as Incredibuild is not installed on this machine.
[2019.04.04-08.11.36:308][  0]LogShaderCompilers: Cannot use XGE Shader Compiler as Incredibuild is not installed on this machine.
[2019.04.04-08.11.36:308][  0]LogShaderCompilers: Display: Using Local Shader Compiler.
[2019.04.04-08.11.37:173][  0]LogDerivedDataCache: Display: Max Cache Size: 512 MB
[2019.04.04-08.11.37:270][  0]LogDerivedDataCache: Loaded boot cache 0.10s 88MB C:/Users/keiji matsumoto/AppData/Local/UnrealEngine/4.21/DerivedDataCache/Boot.ddc.
[2019.04.04-08.11.37:270][  0]LogDerivedDataCache: Display: Loaded Boot cache: C:/Users/keiji matsumoto/AppData/Local/UnrealEngine/4.21/DerivedDataCache/Boot.ddc
[2019.04.04-08.11.37:270][  0]LogDerivedDataCache: FDerivedDataBackendGraph:  Pak pak cache file ../../../../../../Users/keiji matsumoto/Desktop/Prototype_1_00/DerivedDataCache/DDC.ddp not found, will not use a pak cache.
[2019.04.04-08.11.37:270][  0]LogDerivedDataCache: Unable to find inner node Pak for hierarchical cache Hierarchy.
[2019.04.04-08.11.37:270][  0]LogDerivedDataCache: FDerivedDataBackendGraph:  CompressedPak pak cache file ../../../../../../Users/keiji matsumoto/Desktop/Prototype_1_00/DerivedDataCache/Compressed.ddp not found, will not use a pak cache.
[2019.04.04-08.11.37:271][  0]LogDerivedDataCache: Unable to find inner node CompressedPak for hierarchical cache Hierarchy.
[2019.04.04-08.11.37:295][  0]LogDerivedDataCache: Display: Pak cache opened for reading ../../../Engine/DerivedDataCache/Compressed.ddp.
[2019.04.04-08.11.37:295][  0]LogDerivedDataCache: FDerivedDataBackendGraph:  EnterprisePak pak cache file ../../../Enterprise/DerivedDataCache/Compressed.ddp not found, will not use a pak cache.
[2019.04.04-08.11.37:295][  0]LogDerivedDataCache: Unable to find inner node EnterprisePak for hierarchical cache Hierarchy.
[2019.04.04-08.11.37:309][  0]LogDerivedDataCache: Using Local data cache path C:/Users/keiji matsumoto/AppData/Local/UnrealEngine/Common/DerivedDataCache: Writable
[2019.04.04-08.11.37:309][  0]LogDerivedDataCache: Shared data cache path not found in *engine.ini, will not use an Shared cache.
[2019.04.04-08.11.37:309][  0]LogDerivedDataCache: Unable to find inner node Shared for hierarchical cache Hierarchy.
[2019.04.04-08.11.37:346][  0]LogMaterial: Verifying Global Shaders for PCD3D_SM5
[2019.04.04-08.11.37:348][  0]LogSlate: Using FreeType 2.6.0
[2019.04.04-08.11.37:349][  0]LogSlate: SlateFontServices - WITH_FREETYPE: 1, WITH_HARFBUZZ: 1
[2019.04.04-08.11.37:466][  0]LogAssetRegistry: FAssetRegistry took 0.0369 seconds to start up
[2019.04.04-08.11.37:926][  0]LogInit: Selected Device Profile: [Windows]
[2019.04.04-08.11.38:032][  0]LogSimplygon: Simplygon DLL not present - disabling.
[2019.04.04-08.11.38:040][  0]LogMeshReduction: Using SimplygonSwarm for distributed automatic mesh merging
[2019.04.04-08.11.38:040][  0]LogMeshReduction: Using ProxyLODMeshReduction for automatic mesh merging
[2019.04.04-08.11.38:040][  0]LogMeshReduction: Using QuadricMeshReduction for automatic static mesh reduction
[2019.04.04-08.11.38:040][  0]LogMeshReduction: No automatic skeletal mesh reduction module available
[2019.04.04-08.11.38:184][  0]LogNetVersion: Prototype_1_00 1.0.0, NetCL: 4541578, EngineNetVer: 5, GameNetVer: 0 (Checksum: 3518137966)
[2019.04.04-08.11.39:039][  0]LogPackageLocalizationCache: Processed 11 localized package path(s) for 2 prioritized culture(s) in 0.288866 seconds
[2019.04.04-08.11.39:048][  0]LogUObjectArray: 39775 objects as part of root set at end of initial load.
[2019.04.04-08.11.39:049][  0]LogUObjectAllocator: 6914656 out of 0 bytes used by permanent object pool.
[2019.04.04-08.11.39:049][  0]LogUObjectArray: CloseDisregardForGC: 0/0 objects in disregard for GC pool
[2019.04.04-08.11.40:270][  0]LogMaterial: Display: Missing cached shader map for material BaseColor, compiling. 
[2019.04.04-08.11.40:678][  0]LogMaterial: Warning: C:\Program Files\Epic Games\UE_4.21\Engine\Content\BufferVisualization\BaseColor.uasset: Failed to compile Material for platform PCD3D_SM5, Default Material will be used in game.
[2019.04.04-08.11.40:678][  0]LogMaterial: 	(Node SceneTexture) GBuffer scene textures not available with forward shading.
[2019.04.04-08.11.40:757][  0]LogMaterial: Display: Missing cached shader map for material LightingModel, compiling. 
[2019.04.04-08.11.40:758][  0]LogMaterial: Warning: C:\Program Files\Epic Games\UE_4.21\Engine\Content\BufferVisualization\LightingModel.uasset: Failed to compile Material for platform PCD3D_SM5, Default Material will be used in game.
[2019.04.04-08.11.40:758][  0]LogMaterial: 	(Node SceneTexture) GBuffer scene textures not available with forward shading.
[2019.04.04-08.11.40:776][  0]LogMaterial: Display: Missing cached shader map for material MaterialAO, compiling. 
[2019.04.04-08.11.40:777][  0]LogMaterial: Warning: C:\Program Files\Epic Games\UE_4.21\Engine\Content\BufferVisualization\MaterialAO.uasset: Failed to compile Material for platform PCD3D_SM5, Default Material will be used in game.
[2019.04.04-08.11.40:777][  0]LogMaterial: 	(Node SceneTexture) GBuffer scene textures not available with forward shading.
[2019.04.04-08.11.40:824][  0]LogMaterial: Display: Missing cached shader map for material Metallic, compiling. 
[2019.04.04-08.11.40:824][  0]LogMaterial: Warning: C:\Program Files\Epic Games\UE_4.21\Engine\Content\BufferVisualization\Metallic.uasset: Failed to compile Material for platform PCD3D_SM5, Default Material will be used in game.
[2019.04.04-08.11.40:824][  0]LogMaterial: 	(Node SceneTexture) GBuffer scene textures not available with forward shading.
[2019.04.04-08.11.40:829][  0]LogMaterial: Display: Missing cached shader map for material Opacity, compiling. 
[2019.04.04-08.11.40:829][  0]LogMaterial: Warning: C:\Program Files\Epic Games\UE_4.21\Engine\Content\BufferVisualization\Opacity.uasset: Failed to compile Material for platform PCD3D_SM5, Default Material will be used in game.
[2019.04.04-08.11.40:829][  0]LogMaterial: 	(Node SceneTexture) GBuffer scene textures not available with forward shading.
[2019.04.04-08.11.40:834][  0]LogMaterial: Display: Missing cached shader map for material Roughness, compiling. 
[2019.04.04-08.11.40:835][  0]LogMaterial: Warning: C:\Program Files\Epic Games\UE_4.21\Engine\Content\BufferVisualization\Roughness.uasset: Failed to compile Material for platform PCD3D_SM5, Default Material will be used in game.
[2019.04.04-08.11.40:835][  0]LogMaterial: 	(Node SceneTexture) GBuffer scene textures not available with forward shading.
[2019.04.04-08.11.40:866][  0]LogMaterial: Display: Missing cached shader map for material Specular, compiling. 
[2019.04.04-08.11.40:867][  0]LogMaterial: Warning: C:\Program Files\Epic Games\UE_4.21\Engine\Content\BufferVisualization\Specular.uasset: Failed to compile Material for platform PCD3D_SM5, Default Material will be used in game.
[2019.04.04-08.11.40:867][  0]LogMaterial: 	(Node SceneTexture) GBuffer scene textures not available with forward shading.
[2019.04.04-08.11.40:951][  0]LogMaterial: Display: Missing cached shader map for material SubsurfaceColor, compiling. 
[2019.04.04-08.11.40:952][  0]LogMaterial: Warning: C:\Program Files\Epic Games\UE_4.21\Engine\Content\BufferVisualization\SubsurfaceColor.uasset: Failed to compile Material for platform PCD3D_SM5, Default Material will be used in game.
[2019.04.04-08.11.40:952][  0]LogMaterial: 	(Node SceneTexture) GBuffer scene textures not available with forward shading.
[2019.04.04-08.11.40:957][  0]LogMaterial: Display: Missing cached shader map for material WorldNormal, compiling. 
[2019.04.04-08.11.40:962][  0]LogMaterial: Warning: C:\Program Files\Epic Games\UE_4.21\Engine\Content\BufferVisualization\WorldNormal.uasset: Failed to compile Material for platform PCD3D_SM5, Default Material will be used in game.
[2019.04.04-08.11.40:962][  0]LogMaterial: 	(Node SceneTexture) GBuffer scene textures not available with forward shading.
[2019.04.04-08.11.41:037][  0]LogTcpMessaging: Initializing TcpMessaging bridge
[2019.04.04-08.11.41:051][  0]LogUdpMessaging: Initializing bridge on interface 0.0.0.0:0 to multicast group 230.0.0.1:6666.
[2019.04.04-08.11.41:903][  0]SourceControl: ソースコントロールは無効です
[2019.04.04-08.11.41:903][  0]SourceControl: ソースコントロールは無効です
[2019.04.04-08.11.41:905][  0]SourceControl: ソースコントロールは無効です
[2019.04.04-08.11.41:906][  0]SourceControl: ソースコントロールは無効です
[2019.04.04-08.11.42:110][  0]LogAndroidPermission: UAndroidPermissionCallbackProxy::GetInstance
[2019.04.04-08.11.42:196][  0]LogOcInput: OculusInput pre-init called
[2019.04.04-08.11.42:356][  0]LogEngine: Initializing Engine...
[2019.04.04-08.11.42:357][  0]LogHMD: Failed to initialize OpenVR with code 110
[2019.04.04-08.11.42:360][  0]LogStats: UGameplayTagsManager::ConstructGameplayTagTree: ImportINI prefixes -  0.000 s
[2019.04.04-08.11.42:360][  0]LogStats: UGameplayTagsManager::ConstructGameplayTagTree: Construct from data asset -  0.000 s
[2019.04.04-08.11.42:360][  0]LogStats: UGameplayTagsManager::ConstructGameplayTagTree: ImportINI -  0.000 s
[2019.04.04-08.11.42:361][  0]LogStats: UGameplayTagsManager::ConstructGameplayTagTree: GameplayTagTreeChangedEvent.Broadcast -  0.000 s
[2019.04.04-08.11.42:697][  0]LogInit: Initializing FReadOnlyCVARCache
[2019.04.04-08.11.42:723][  0]LogAIModule: Creating AISystem for world Untitled
[2019.04.04-08.11.42:737][  0]LogInit: XAudio2 using 'スピーカー (Realtek High Definition Audio)' : 2 channels at 48 kHz using 32 bits per sample (channel mask 0x3)
[2019.04.04-08.11.42:761][  0]LogInit: FAudioDevice initialized.
[2019.04.04-08.11.42:761][  0]LogNetVersion: Set ProjectVersion to 1.0.0.0. Version Checksum will be recalculated on next use.
[2019.04.04-08.11.43:263][  0]LogDerivedDataCache: Saved boot cache 0.50s 88MB C:/Users/keiji matsumoto/AppData/Local/UnrealEngine/4.21/DerivedDataCache/Boot.ddc.
[2019.04.04-08.11.43:280][  0]LogInit: Texture streaming: Enabled
[2019.04.04-08.11.43:307][  0]LogEngineSessionManager: EngineSessionManager initialized
[2019.04.04-08.11.43:721][  0]LogInit: Transaction tracking system initialized
[2019.04.04-08.11.43:762][  0]BlueprintLog: New page: エディタの読み込み
[2019.04.04-08.11.44:011][  0]LocalizationService: ローカライズのサービスが無効になりました
[2019.04.04-08.11.51:762][  0]LogLinker: Warning: ファイル '/Game/PuzzleBP/Tutorial/Part1-Overview' が見つかりません
[2019.04.04-08.11.51:763][  0]LogLinker: Warning: ファイル '/Game/PuzzleBP/Tutorial/Part1-Overview' が見つかりません
[2019.04.04-08.11.51:763][  0]LogUObjectGlobals: Warning: オブジェクト 'Class /Game/PuzzleBP/Tutorial/Part1-Overview.Part1-Overview_C' が見つかりませんでした
[2019.04.04-08.11.51:763][  0]LogLinker: Warning: ファイル '/Game/PuzzleBP/Tutorial/Part2-BlockBlueprint' が見つかりません
[2019.04.04-08.11.51:763][  0]LogLinker: Warning: ファイル '/Game/PuzzleBP/Tutorial/Part2-BlockBlueprint' が見つかりません
[2019.04.04-08.11.51:763][  0]LogUObjectGlobals: Warning: オブジェクト 'Class /Game/PuzzleBP/Tutorial/Part2-BlockBlueprint.Part2-BlockBlueprint_C' が見つかりませんでした
[2019.04.04-08.11.51:763][  0]LogLinker: Warning: ファイル '/Game/PuzzleBP/Tutorial/Part2b-BlockBLueprintComponents' が見つかりません
[2019.04.04-08.11.51:764][  0]LogLinker: Warning: ファイル '/Game/PuzzleBP/Tutorial/Part2b-BlockBLueprintComponents' が見つかりません
[2019.04.04-08.11.51:764][  0]LogUObjectGlobals: Warning: オブジェクト 'Class /Game/PuzzleBP/Tutorial/Part2b-BlockBLueprintComponents.Part2b-BlockBLueprintComponents_C' が見つかりませんでした
[2019.04.04-08.11.54:051][  0]LogMaterial: Display: Missing cached shader map for material BaseColor, compiling. 
[2019.04.04-08.11.54:051][  0]LogMaterial: Warning: C:\Program Files\Epic Games\UE_4.21\Engine\Content\BufferVisualization\BaseColor.uasset: Failed to compile Material for platform PCD3D_SM5, Default Material will be used in game.
[2019.04.04-08.11.54:051][  0]LogMaterial: 	(Node SceneTexture) GBuffer scene textures not available with forward shading.
[2019.04.04-08.11.54:214][  0]LogMaterial: Display: Missing cached shader map for material LightingModel, compiling. 
[2019.04.04-08.11.54:214][  0]LogMaterial: Warning: C:\Program Files\Epic Games\UE_4.21\Engine\Content\BufferVisualization\LightingModel.uasset: Failed to compile Material for platform PCD3D_SM5, Default Material will be used in game.
[2019.04.04-08.11.54:214][  0]LogMaterial: 	(Node SceneTexture) GBuffer scene textures not available with forward shading.
[2019.04.04-08.11.54:346][  0]LogMaterial: Display: Missing cached shader map for material MaterialAO, compiling. 
[2019.04.04-08.11.54:348][  0]LogMaterial: Warning: C:\Program Files\Epic Games\UE_4.21\Engine\Content\BufferVisualization\MaterialAO.uasset: Failed to compile Material for platform PCD3D_SM5, Default Material will be used in game.
[2019.04.04-08.11.54:348][  0]LogMaterial: 	(Node SceneTexture) GBuffer scene textures not available with forward shading.
[2019.04.04-08.11.54:405][  0]LogMaterial: Display: Missing cached shader map for material Metallic, compiling. 
[2019.04.04-08.11.54:406][  0]LogMaterial: Warning: C:\Program Files\Epic Games\UE_4.21\Engine\Content\BufferVisualization\Metallic.uasset: Failed to compile Material for platform PCD3D_SM5, Default Material will be used in game.
[2019.04.04-08.11.54:406][  0]LogMaterial: 	(Node SceneTexture) GBuffer scene textures not available with forward shading.
[2019.04.04-08.11.54:647][  0]LogMaterial: Display: Missing cached shader map for material Opacity, compiling. 
[2019.04.04-08.11.54:649][  0]LogMaterial: Warning: C:\Program Files\Epic Games\UE_4.21\Engine\Content\BufferVisualization\Opacity.uasset: Failed to compile Material for platform PCD3D_SM5, Default Material will be used in game.
[2019.04.04-08.11.54:649][  0]LogMaterial: 	(Node SceneTexture) GBuffer scene textures not available with forward shading.
[2019.04.04-08.11.54:659][  0]LogMaterial: Display: Missing cached shader map for material Roughness, compiling. 
[2019.04.04-08.11.54:661][  0]LogMaterial: Warning: C:\Program Files\Epic Games\UE_4.21\Engine\Content\BufferVisualization\Roughness.uasset: Failed to compile Material for platform PCD3D_SM5, Default Material will be used in game.
[2019.04.04-08.11.54:661][  0]LogMaterial: 	(Node SceneTexture) GBuffer scene textures not available with forward shading.
[2019.04.04-08.11.54:986][  0]LogMaterial: Display: Missing cached shader map for material Specular, compiling. 
[2019.04.04-08.11.54:986][  0]LogMaterial: Warning: C:\Program Files\Epic Games\UE_4.21\Engine\Content\BufferVisualization\Specular.uasset: Failed to compile Material for platform PCD3D_SM5, Default Material will be used in game.
[2019.04.04-08.11.54:986][  0]LogMaterial: 	(Node SceneTexture) GBuffer scene textures not available with forward shading.
[2019.04.04-08.11.55:063][  0]LogMaterial: Display: Missing cached shader map for material SubsurfaceColor, compiling. 
[2019.04.04-08.11.55:064][  0]LogMaterial: Warning: C:\Program Files\Epic Games\UE_4.21\Engine\Content\BufferVisualization\SubsurfaceColor.uasset: Failed to compile Material for platform PCD3D_SM5, Default Material will be used in game.
[2019.04.04-08.11.55:064][  0]LogMaterial: 	(Node SceneTexture) GBuffer scene textures not available with forward shading.
[2019.04.04-08.11.55:070][  0]LogMaterial: Display: Missing cached shader map for material WorldNormal, compiling. 
[2019.04.04-08.11.55:072][  0]LogMaterial: Warning: C:\Program Files\Epic Games\UE_4.21\Engine\Content\BufferVisualization\WorldNormal.uasset: Failed to compile Material for platform PCD3D_SM5, Default Material will be used in game.
[2019.04.04-08.11.55:072][  0]LogMaterial: 	(Node SceneTexture) GBuffer scene textures not available with forward shading.
[2019.04.04-08.11.59:105][  0]LogCook: Display: Max memory allowance for cook 16384mb min free memory 0mb
[2019.04.04-08.11.59:105][  0]LogCook: Display: Mobile HDR setting 1
[2019.04.04-08.11.59:116][  0]LogGameplayTags: Display: UGameplayTagsManager::DoneAddingNativeTags. DelegateIsBound: 0
[2019.04.04-08.11.59:117][  0]LogStats: UGameplayTagsManager::ConstructGameplayTagTree: ImportINI prefixes -  0.000 s
[2019.04.04-08.11.59:117][  0]LogStats: UGameplayTagsManager::ConstructGameplayTagTree: Construct from data asset -  0.000 s
[2019.04.04-08.11.59:117][  0]LogStats: UGameplayTagsManager::ConstructGameplayTagTree: ImportINI -  0.000 s
[2019.04.04-08.11.59:117][  0]LogStats: UGameplayTagsManager::ConstructGameplayTagTree: GameplayTagTreeChangedEvent.Broadcast -  0.000 s
[2019.04.04-08.11.59:300][  0]LogFileCache: Scanning file cache for directory 'C:/Users/keiji matsumoto/Desktop/Prototype_1_00/Content/' took 0.16s
[2019.04.04-08.11.59:300][  0]SourceControl: ソースコントロールは無効です
[2019.04.04-08.11.59:300][  0]Cmd: MAP LOAD FILE="../../../../../../Users/keiji matsumoto/Desktop/Prototype_1_00/Content/Map/Reflection_Of_Light.umap" TEMPLATE=0 SHOWPROGRESS=1 FEATURELEVEL=3
[2019.04.04-08.11.59:359][  0]LightingResults: New page: ライティングのビルド
[2019.04.04-08.11.59:363][  0]MapCheck: New page: マップをチェック
[2019.04.04-08.11.59:363][  0]LightingResults: New page: <何も選択されていません>
[2019.04.04-08.12.14:646][  0]LogAIModule: Creating AISystem for world Reflection_Of_Light
[2019.04.04-08.12.14:900][  0]LogEditorServer: Finished looking for orphan Actors (0.000 secs)
[2019.04.04-08.12.15:003][  0]Cmd: MAP CHECKDEP NOCLEARLOG
[2019.04.04-08.12.15:004][  0]MapCheck: マップチェックが完了: 0 エラー、 0 警告、完了に 0.348ミリ秒かかりました。
[2019.04.04-08.12.15:004][  0]LogFileHelpers: Loading map 'Reflection_Of_Light' took 15.703
[2019.04.04-08.12.15:953][  0]LogSlate: Updating window title bar state: overlay mode, drag disabled, window buttons hidden, title bar hidden
[2019.04.04-08.12.16:007][  0]LogSlate: Updating window title bar state: overlay mode, drag disabled, window buttons hidden, title bar hidden
[2019.04.04-08.12.16:019][  0]LogSlate: Updating window title bar state: overlay mode, drag disabled, window buttons hidden, title bar hidden
[2019.04.04-08.12.16:028][  0]LogSlate: Updating window title bar state: overlay mode, drag disabled, window buttons hidden, title bar hidden
[2019.04.04-08.12.16:153][  0]LogCollectionManager: Loaded 0 collections in 0.002790 seconds
[2019.04.04-08.12.16:309][  0]LogFileCache: Scanning file cache for directory 'C:/Users/keiji matsumoto/Desktop/Prototype_1_00/Saved/Collections/' took 0.01s
[2019.04.04-08.12.16:309][  0]LogFileCache: Scanning file cache for directory 'C:/Users/keiji matsumoto/Desktop/Prototype_1_00/Content/Developers/keijimatsumoto/Collections/' took 0.00s
[2019.04.04-08.12.16:309][  0]LogFileCache: Scanning file cache for directory 'C:/Users/keiji matsumoto/Desktop/Prototype_1_00/Content/Collections/' took 0.00s
[2019.04.04-08.12.16:310][  0]LogCollectionManager: Rebuilt the GUID cache for 0 collections in 0.000001 seconds
[2019.04.04-08.12.16:329][  0]LogContentBrowser: Native class hierarchy populated in 0.0160 seconds. Added 2651 classes and 620 folders.
[2019.04.04-08.12.16:694][  0]LogContentBrowser: Native class hierarchy updated for 'WidgetCarousel' in 0.0004 seconds. Added 0 classes and 0 folders.
[2019.04.04-08.12.16:805][  0]LogPakFile: Registered encryption key '00000000000000000000000000000000': 0 pak files mounted, 0 remain pending
[2019.04.04-08.12.16:849][  0]LogPakFile: Registered encryption key '00000000000000000000000000000000': 0 pak files mounted, 0 remain pending
[2019.04.04-08.12.16:896][  0]LogPakFile: Registered encryption key '00000000000000000000000000000000': 0 pak files mounted, 0 remain pending
[2019.04.04-08.12.16:904][  0]LogPakFile: Registered encryption key '00000000000000000000000000000000': 0 pak files mounted, 0 remain pending
[2019.04.04-08.12.16:912][  0]LogPakFile: Registered encryption key '00000000000000000000000000000000': 0 pak files mounted, 0 remain pending
[2019.04.04-08.12.16:946][  0]LogPakFile: Registered encryption key '00000000000000000000000000000000': 0 pak files mounted, 0 remain pending
[2019.04.04-08.12.16:963][  0]LogPakFile: Registered encryption key '00000000000000000000000000000000': 0 pak files mounted, 0 remain pending
[2019.04.04-08.12.16:970][  0]LogPakFile: Registered encryption key '00000000000000000000000000000000': 0 pak files mounted, 0 remain pending
[2019.04.04-08.12.16:977][  0]LogPakFile: Registered encryption key '00000000000000000000000000000000': 0 pak files mounted, 0 remain pending
[2019.04.04-08.12.16:986][  0]LogPakFile: Registered encryption key '00000000000000000000000000000000': 0 pak files mounted, 0 remain pending
[2019.04.04-08.12.16:992][  0]LogPakFile: Registered encryption key '00000000000000000000000000000000': 0 pak files mounted, 0 remain pending
[2019.04.04-08.12.16:999][  0]LogPakFile: Registered encryption key '00000000000000000000000000000000': 0 pak files mounted, 0 remain pending
[2019.04.04-08.12.17:008][  0]LogPakFile: Registered encryption key '00000000000000000000000000000000': 0 pak files mounted, 0 remain pending
[2019.04.04-08.12.17:015][  0]LogPakFile: Registered encryption key '00000000000000000000000000000000': 0 pak files mounted, 0 remain pending
[2019.04.04-08.12.17:022][  0]LogPakFile: Registered encryption key '00000000000000000000000000000000': 0 pak files mounted, 0 remain pending
[2019.04.04-08.12.17:043][  0]LogPakFile: Registered encryption key '00000000000000000000000000000000': 0 pak files mounted, 0 remain pending
[2019.04.04-08.12.17:066][  0]LogPakFile: Registered encryption key '00000000000000000000000000000000': 0 pak files mounted, 0 remain pending
[2019.04.04-08.12.17:073][  0]LogPakFile: Registered encryption key '00000000000000000000000000000000': 0 pak files mounted, 0 remain pending
[2019.04.04-08.12.17:080][  0]LogPakFile: Registered encryption key '00000000000000000000000000000000': 0 pak files mounted, 0 remain pending
[2019.04.04-08.12.17:092][  0]LogPakFile: Registered encryption key '00000000000000000000000000000000': 0 pak files mounted, 0 remain pending
[2019.04.04-08.12.17:119][  0]LogPakFile: Registered encryption key '00000000000000000000000000000000': 0 pak files mounted, 0 remain pending
[2019.04.04-08.12.17:126][  0]LogPakFile: Registered encryption key '00000000000000000000000000000000': 0 pak files mounted, 0 remain pending
[2019.04.04-08.12.17:134][  0]LogPakFile: Registered encryption key '00000000000000000000000000000000': 0 pak files mounted, 0 remain pending
[2019.04.04-08.12.17:141][  0]LogPakFile: Registered encryption key '00000000000000000000000000000000': 0 pak files mounted, 0 remain pending
[2019.04.04-08.12.17:149][  0]LogPakFile: Registered encryption key '00000000000000000000000000000000': 0 pak files mounted, 0 remain pending
[2019.04.04-08.12.17:169][  0]LogPakFile: Registered encryption key '00000000000000000000000000000000': 0 pak files mounted, 0 remain pending
[2019.04.04-08.12.18:629][  0]LogContentBrowser: Native class hierarchy updated for 'AddContentDialog' in 0.0003 seconds. Added 0 classes and 0 folders.
[2019.04.04-08.12.18:740][  0]LogContentBrowser: Native class hierarchy updated for 'WorldBrowser' in 0.0009 seconds. Added 2 classes and 3 folders.
[2019.04.04-08.12.18:832][  0]LogContentBrowser: Native class hierarchy updated for 'SceneOutliner' in 0.0008 seconds. Added 1 classes and 2 folders.
[2019.04.04-08.12.20:126][  0]LogSlate: Took 0.000621 seconds to synchronously load lazily loaded font '../../../Engine/Content/Slate/Fonts/Roboto-Regular.ttf' (155K)
[2019.04.04-08.12.20:130][  0]LogSlate: Took 0.001204 seconds to synchronously load lazily loaded font '../../../Engine/Content/Editor/Slate/Fonts/GenEiGothicPro-Regular.otf' (707K)
[2019.04.04-08.12.20:133][  0]LogSlate: Took 0.001116 seconds to synchronously load lazily loaded font '../../../Engine/Content/Editor/Slate/Fonts/GenEiGothicPro-Bold.otf' (698K)
[2019.04.04-08.12.20:134][  0]LogSlate: Took 0.000574 seconds to synchronously load lazily loaded font '../../../Engine/Content/Slate/Fonts/Roboto-Bold.ttf' (160K)
[2019.04.04-08.12.20:218][  0]LogSlate: Took 0.015426 seconds to synchronously load lazily loaded font '../../../Engine/Content/Editor/Slate/Fonts/FontAwesome.ttf' (139K)
[2019.04.04-08.12.20:998][  0]LogRenderer: Reallocating scene render targets to support 652x340 Format 9 NumSamples 1 (Frame:1).
[2019.04.04-08.12.22:207][  0]LogContentBrowser: Native class hierarchy updated for 'HierarchicalLODOutliner' in 0.0004 seconds. Added 0 classes and 0 folders.
[2019.04.04-08.12.22:207][  0]LogLoad: (Engine Initialization) Total time: 53.46 seconds
[2019.04.04-08.12.22:207][  0]LogLoad: (Engine Initialization) Total Blueprint compile time: 0.00 seconds
[2019.04.04-08.12.22:224][  0]LogWindowsTextInputMethodSystem: Display: IME system now activated using TSF (Microsoft IME).
[2019.04.04-08.12.22:331][  0]LogContentStreaming: Texture pool size now 400 MB
[2019.04.04-08.12.22:676][  2]LogAssetRegistry: Asset discovery search completed in 45.2325 seconds
[2019.04.04-08.12.22:679][  2]LogCollectionManager: Rebuilt the object cache for 0 collections in 0.000000 seconds (found 0 objects)
[2019.04.04-08.12.22:679][  2]LogCollectionManager: Fixed up redirectors for 0 collections in 0.000092 seconds (updated 0 objects)
[2019.04.04-08.14.18:062][455]LogSlate: FSceneViewport::OnFocusLost() reason 0
[2019.04.04-08.14.18:301][465]LogSlate: Took 0.054876 seconds to synchronously load lazily loaded font '../../../Engine/Content/Slate/Fonts/Roboto-Light.ttf' (167K)
[2019.04.04-09.00.27:031][643]LogInit: XAudio2 using 'ヘッドホン (Realtek High Definition Audio)' : 2 channels at 48 kHz using 32 bits per sample (channel mask 0x3)
[2019.04.04-10.03.22:431][866]LogHttp: Warning: 00000214843CA840: request failed, libcurl error: 28 (Timeout was reached)
[2019.04.04-10.03.22:431][866]LogHttp: Warning: 00000214843CA840: libcurl info message cache 0 (Connection 46 seems to be dead!)
[2019.04.04-10.03.22:432][866]LogHttp: Warning: 00000214843CA840: libcurl info message cache 1 (Closing connection 46)
[2019.04.04-10.03.22:432][866]LogHttp: Warning: 00000214843CA840: libcurl info message cache 2 (TLSv1.2 (OUT), TLS alert, Client hello (1):)
[2019.04.04-10.03.22:432][866]LogHttp: Warning: 00000214843CA840: libcurl info message cache 3 (  Trying 54.209.204.64...)
[2019.04.04-10.03.22:432][866]LogHttp: Warning: 00000214843CA840: libcurl info message cache 4 (TCP_NODELAY set)
[2019.04.04-10.03.22:432][866]LogHttp: Warning: 00000214843CA840: libcurl info message cache 5 (Connected to datarouter.ol.epicgames.com (54.209.204.64) port 443 (#47))
[2019.04.04-10.03.22:432][866]LogHttp: Warning: 00000214843CA840: libcurl info message cache 6 (ALPN, offering http/1.1)
[2019.04.04-10.03.22:432][866]LogHttp: Warning: 00000214843CA840: libcurl info message cache 7 (Cipher selection: ALL:!EXPORT:!EXPORT40:!EXPORT56:!aNULL:!LOW:!RC4:@STRENGTH)
[2019.04.04-10.03.22:432][866]LogHttp: Warning: 00000214843CA840: libcurl info message cache 8 (SSL re-using session ID)
[2019.04.04-10.03.22:432][866]LogHttp: Warning: 00000214843CA840: libcurl info message cache 9 (TLSv1.2 (OUT), TLS handshake, Client hello (1):)
[2019.04.04-10.03.22:432][866]LogHttp: Warning: 00000214843CA840: libcurl info message cache 10 (Operation timed out after 60000 milliseconds with 0 out of 0 bytes received)
[2019.04.04-10.03.22:432][866]LogHttp: Warning: 00000214843CA840: libcurl info message cache 11 (Closing connection 47)
[2019.04.04-10.03.22:434][866]LogHttp: Warning: Retry exhausted on https://datarouter.ol.epicgames.com/datarouter/api/v1/public/data?SessionID=%7B53231B5A-4273-F1E6-EF65-8D84860D4AE4%7D&AppID=UEEditor.Rocket.Release&AppVersion=4.21.2-4753647%2B%2B%2BUE4%2BRelease-4.21&UserID=f12ef127472abf1026234183535b0ef1%7C59f86ce8335a479c8d749c14a4485c79%7C0d027a15-feb3-4f4f-9208-77e2faaa119d&AppEnvironment=datacollector-binary&UploadType=eteventstream
[2019.04.04-11.20.22:669][984]LogUnrealEdMisc: Warning: Heartbeat event firing too frequently (51.872 sec). This should never happen. Something is wrong with the timer delegate!
